[0.310s] Invoking command in '/DroneWorkspace/build/streamer': /usr/local/bin/cmake /DroneWorkspace/HardwareManagers/streamer -DCMAKE_INSTALL_PREFIX=/DroneWorkspace/install/streamer
[0.704s] -- Found ament_cmake: 1.3.7 (/opt/ros/humble/install/share/ament_cmake/cmake)
[2.442s] -- Found rclcpp: 16.0.8 (/opt/ros/humble/install/share/rclcpp/cmake)
[2.597s] -- Found rosidl_generator_c: 3.1.5 (/opt/ros/humble/install/share/rosidl_generator_c/cmake)
[2.613s] -- Found rosidl_adapter: 3.1.5 (/opt/ros/humble/install/share/rosidl_adapter/cmake)
[2.646s] -- Found rosidl_generator_cpp: 3.1.5 (/opt/ros/humble/install/share/rosidl_generator_cpp/cmake)
[2.713s] -- Using all available rosidl_typesupport_c: rosidl_typesupport_fastrtps_c;rosidl_typesupport_introspection_c
[2.809s] -- Using all available rosidl_typesupport_cpp: rosidl_typesupport_fastrtps_cpp;rosidl_typesupport_introspection_cpp
[3.147s] -- Found rmw_implementation_cmake: 6.1.1 (/opt/ros/humble/install/share/rmw_implementation_cmake/cmake)
[3.153s] -- Found rmw_cyclonedds_cpp: 1.3.4 (/opt/ros/humble/install/share/rmw_cyclonedds_cpp/cmake)
[3.332s] -- Using RMW implementation 'rmw_cyclonedds_cpp' as default
[4.256s] -- Found rclcpp_components: 16.0.8 (/opt/ros/humble/install/share/rclcpp_components/cmake)
[4.603s] -- Found tf2_ros: 0.25.5 (/opt/ros/humble/install/share/tf2_ros/cmake)
[6.386s] -- Found sensor_msgs: 4.2.3 (/opt/ros/humble/install/share/sensor_msgs/cmake)
[6.948s] -- Found image_transport: 3.1.8 (/opt/ros/humble/install/share/image_transport/cmake)
[7.046s] -- Found cv_bridge: 3.2.1 (/opt/ros/humble/install/share/cv_bridge/cmake)
[7.058s] [33mCMake Warning (dev) at /usr/local/lib/cmake/opencv4/OpenCVConfig.cmake:86 (find_package):
[7.059s]   Policy CMP0146 is not set: The FindCUDA module is removed.  Run "cmake
[7.059s]   --help-policy CMP0146" for policy details.  Use the cmake_policy command to
[7.060s]   set the policy and suppress this warning.
[7.060s] 
[7.061s] Call Stack (most recent call first):
[7.062s]   /usr/local/lib/cmake/opencv4/OpenCVConfig.cmake:108 (find_host_package)
[7.062s]   /opt/ros/humble/install/share/cv_bridge/cmake/ament_cmake_export_dependencies-extras.cmake:21 (find_package)
[7.063s]   /opt/ros/humble/install/share/cv_bridge/cmake/cv_bridgeConfig.cmake:41 (include)
[7.064s]   CMakeLists.txt:28 (find_package)
[7.064s] This warning is for project developers.  Use -Wno-dev to suppress it.
[7.065s] [0m
[7.300s] [31mCMake Error at CMakeLists.txt:56 (install):
[7.301s]   install TARGETS given target "ircamera_manager" which does not exist.
[7.302s] 
[7.303s] [0m
[7.803s] -- Configuring incomplete, errors occurred!
[7.870s] Invoked command in '/DroneWorkspace/build/streamer' returned '1': /usr/local/bin/cmake /DroneWorkspace/HardwareManagers/streamer -DCMAKE_INSTALL_PREFIX=/DroneWorkspace/install/streamer
