[2.743s] DEBUG:colcon:Command line arguments: ['/usr/bin/colcon', 'build', '--packages-select', 'streamer']
[2.745s] DEBUG:colcon:Parsed command line arguments: Namespace(log_base=None, log_level=None, verb_name='build', build_base='build', install_base='install', merge_install=False, symlink_install=False, test_result_base=None, continue_on_error=False, executor='parallel', parallel_workers=12, event_handlers=None, ignore_user_meta=False, metas=['./colcon.meta'], base_paths=['.'], packages_ignore=None, packages_ignore_regex=None, paths=None, packages_up_to=None, packages_up_to_regex=None, packages_above=None, packages_above_and_dependencies=None, packages_above_depth=None, packages_select_by_dep=None, packages_skip_by_dep=None, packages_skip_up_to=None, packages_select_build_failed=False, packages_skip_build_finished=False, packages_select_test_failures=False, packages_skip_test_passed=False, packages_select=['streamer'], packages_skip=None, packages_select_regex=None, packages_skip_regex=None, packages_start=None, packages_end=None, cmake_args=None, cmake_target=None, cmake_target_skip_unavailable=False, cmake_clean_cache=False, cmake_clean_first=False, cmake_force_configure=False, ament_cmake_args=None, catkin_cmake_args=None, catkin_skip_building_tests=False, verb_parser=<colcon_defaults.argument_parser.defaults.DefaultArgumentsDecorator object at 0x4003c26170>, verb_extension=<colcon_core.verb.build.BuildVerb object at 0x4003c25a80>, main=<bound method BuildVerb.main of <colcon_core.verb.build.BuildVerb object at 0x4003c25a80>>)
[2.913s] Level 1:colcon.colcon_core.package_discovery:discover_packages(colcon_meta) check parameters
[2.914s] Level 1:colcon.colcon_core.package_discovery:discover_packages(recursive) check parameters
[2.914s] Level 1:colcon.colcon_core.package_discovery:discover_packages(ignore) check parameters
[2.914s] Level 1:colcon.colcon_core.package_discovery:discover_packages(path) check parameters
[2.914s] Level 1:colcon.colcon_core.package_discovery:discover_packages(colcon_meta) discover
[2.914s] Level 1:colcon.colcon_core.package_discovery:discover_packages(recursive) discover
[2.915s] INFO:colcon.colcon_core.package_discovery:Crawling recursively for packages in '/DroneWorkspace'
[2.915s] Level 1:colcon.colcon_core.package_identification:_identify(.) by extensions ['ignore', 'ignore_ament_install']
[2.916s] Level 1:colcon.colcon_core.package_identification:_identify(.) by extension 'ignore'
[2.917s] Level 1:colcon.colcon_core.package_identification:_identify(.) by extension 'ignore_ament_install'
[2.917s] Level 1:colcon.colcon_core.package_identification:_identify(.) by extensions ['colcon_pkg']
[2.917s] Level 1:colcon.colcon_core.package_identification:_identify(.) by extension 'colcon_pkg'
[2.917s] Level 1:colcon.colcon_core.package_identification:_identify(.) by extensions ['colcon_meta']
[2.917s] Level 1:colcon.colcon_core.package_identification:_identify(.) by extension 'colcon_meta'
[2.917s] Level 1:colcon.colcon_core.package_identification:_identify(.) by extensions ['ros']
[2.917s] Level 1:colcon.colcon_core.package_identification:_identify(.) by extension 'ros'
[2.972s] Level 1:colcon.colcon_core.package_identification:_identify(.) by extensions ['cmake', 'python']
[2.973s] Level 1:colcon.colcon_core.package_identification:_identify(.) by extension 'cmake'
[2.973s] Level 1:colcon.colcon_core.package_identification:_identify(.) by extension 'python'
[2.973s] Level 1:colcon.colcon_core.package_identification:_identify(.) by extensions ['python_setup_py']
[2.973s] Level 1:colcon.colcon_core.package_identification:_identify(.) by extension 'python_setup_py'
[2.973s] Level 1:colcon.colcon_core.package_identification:_identify(HardwareManagers) by extensions ['ignore', 'ignore_ament_install']
[2.974s] Level 1:colcon.colcon_core.package_identification:_identify(HardwareManagers) by extension 'ignore'
[2.974s] Level 1:colcon.colcon_core.package_identification:_identify(HardwareManagers) by extension 'ignore_ament_install'
[2.974s] Level 1:colcon.colcon_core.package_identification:_identify(HardwareManagers) by extensions ['colcon_pkg']
[2.974s] Level 1:colcon.colcon_core.package_identification:_identify(HardwareManagers) by extension 'colcon_pkg'
[2.974s] Level 1:colcon.colcon_core.package_identification:_identify(HardwareManagers) by extensions ['colcon_meta']
[2.975s] Level 1:colcon.colcon_core.package_identification:_identify(HardwareManagers) by extension 'colcon_meta'
[2.975s] Level 1:colcon.colcon_core.package_identification:_identify(HardwareManagers) by extensions ['ros']
[2.975s] Level 1:colcon.colcon_core.package_identification:_identify(HardwareManagers) by extension 'ros'
[2.975s] Level 1:colcon.colcon_core.package_identification:_identify(HardwareManagers) by extensions ['cmake', 'python']
[2.975s] Level 1:colcon.colcon_core.package_identification:_identify(HardwareManagers) by extension 'cmake'
[2.975s] Level 1:colcon.colcon_core.package_identification:_identify(HardwareManagers) by extension 'python'
[2.975s] Level 1:colcon.colcon_core.package_identification:_identify(HardwareManagers) by extensions ['python_setup_py']
[2.976s] Level 1:colcon.colcon_core.package_identification:_identify(HardwareManagers) by extension 'python_setup_py'
[2.976s] Level 1:colcon.colcon_core.package_identification:_identify(HardwareManagers/gimbal_manager) by extensions ['ignore', 'ignore_ament_install']
[2.976s] Level 1:colcon.colcon_core.package_identification:_identify(HardwareManagers/gimbal_manager) by extension 'ignore'
[2.976s] Level 1:colcon.colcon_core.package_identification:_identify(HardwareManagers/gimbal_manager) by extension 'ignore_ament_install'
[2.977s] Level 1:colcon.colcon_core.package_identification:_identify(HardwareManagers/gimbal_manager) by extensions ['colcon_pkg']
[2.977s] Level 1:colcon.colcon_core.package_identification:_identify(HardwareManagers/gimbal_manager) by extension 'colcon_pkg'
[2.977s] Level 1:colcon.colcon_core.package_identification:_identify(HardwareManagers/gimbal_manager) by extensions ['colcon_meta']
[2.977s] Level 1:colcon.colcon_core.package_identification:_identify(HardwareManagers/gimbal_manager) by extension 'colcon_meta'
[2.977s] Level 1:colcon.colcon_core.package_identification:_identify(HardwareManagers/gimbal_manager) by extensions ['ros']
[2.977s] Level 1:colcon.colcon_core.package_identification:_identify(HardwareManagers/gimbal_manager) by extension 'ros'
[2.992s] DEBUG:colcon.colcon_core.package_identification:Package 'HardwareManagers/gimbal_manager' with type 'ros.ament_cmake' and name 'gimbal_manager'
[2.992s] Level 1:colcon.colcon_core.package_identification:_identify(HardwareManagers/hardware_managers) by extensions ['ignore', 'ignore_ament_install']
[2.993s] Level 1:colcon.colcon_core.package_identification:_identify(HardwareManagers/hardware_managers) by extension 'ignore'
[2.993s] Level 1:colcon.colcon_core.package_identification:_identify(HardwareManagers/hardware_managers) by extension 'ignore_ament_install'
[2.993s] Level 1:colcon.colcon_core.package_identification:_identify(HardwareManagers/hardware_managers) by extensions ['colcon_pkg']
[2.993s] Level 1:colcon.colcon_core.package_identification:_identify(HardwareManagers/hardware_managers) by extension 'colcon_pkg'
[2.993s] Level 1:colcon.colcon_core.package_identification:_identify(HardwareManagers/hardware_managers) by extensions ['colcon_meta']
[2.993s] Level 1:colcon.colcon_core.package_identification:_identify(HardwareManagers/hardware_managers) by extension 'colcon_meta'
[2.994s] Level 1:colcon.colcon_core.package_identification:_identify(HardwareManagers/hardware_managers) by extensions ['ros']
[2.994s] Level 1:colcon.colcon_core.package_identification:_identify(HardwareManagers/hardware_managers) by extension 'ros'
[2.996s] DEBUG:colcon.colcon_core.package_identification:Package 'HardwareManagers/hardware_managers' with type 'ros.ament_cmake' and name 'hardware_managers'
[2.996s] Level 1:colcon.colcon_core.package_identification:_identify(HardwareManagers/hardware_msgs) by extensions ['ignore', 'ignore_ament_install']
[2.996s] Level 1:colcon.colcon_core.package_identification:_identify(HardwareManagers/hardware_msgs) by extension 'ignore'
[2.996s] Level 1:colcon.colcon_core.package_identification:_identify(HardwareManagers/hardware_msgs) by extension 'ignore_ament_install'
[2.996s] Level 1:colcon.colcon_core.package_identification:_identify(HardwareManagers/hardware_msgs) by extensions ['colcon_pkg']
[2.997s] Level 1:colcon.colcon_core.package_identification:_identify(HardwareManagers/hardware_msgs) by extension 'colcon_pkg'
[2.997s] Level 1:colcon.colcon_core.package_identification:_identify(HardwareManagers/hardware_msgs) by extensions ['colcon_meta']
[2.997s] Level 1:colcon.colcon_core.package_identification:_identify(HardwareManagers/hardware_msgs) by extension 'colcon_meta'
[2.997s] Level 1:colcon.colcon_core.package_identification:_identify(HardwareManagers/hardware_msgs) by extensions ['ros']
[2.997s] Level 1:colcon.colcon_core.package_identification:_identify(HardwareManagers/hardware_msgs) by extension 'ros'
[2.999s] DEBUG:colcon.colcon_core.package_identification:Package 'HardwareManagers/hardware_msgs' with type 'ros.ament_cmake' and name 'hardware_msgs'
[3.000s] Level 1:colcon.colcon_core.package_identification:_identify(HardwareManagers/ircamera_manager) by extensions ['ignore', 'ignore_ament_install']
[3.000s] Level 1:colcon.colcon_core.package_identification:_identify(HardwareManagers/ircamera_manager) by extension 'ignore'
[3.000s] Level 1:colcon.colcon_core.package_identification:_identify(HardwareManagers/ircamera_manager) by extension 'ignore_ament_install'
[3.001s] Level 1:colcon.colcon_core.package_identification:_identify(HardwareManagers/ircamera_manager) by extensions ['colcon_pkg']
[3.001s] Level 1:colcon.colcon_core.package_identification:_identify(HardwareManagers/ircamera_manager) by extension 'colcon_pkg'
[3.001s] Level 1:colcon.colcon_core.package_identification:_identify(HardwareManagers/ircamera_manager) by extensions ['colcon_meta']
[3.001s] Level 1:colcon.colcon_core.package_identification:_identify(HardwareManagers/ircamera_manager) by extension 'colcon_meta'
[3.001s] Level 1:colcon.colcon_core.package_identification:_identify(HardwareManagers/ircamera_manager) by extensions ['ros']
[3.001s] Level 1:colcon.colcon_core.package_identification:_identify(HardwareManagers/ircamera_manager) by extension 'ros'
[3.004s] DEBUG:colcon.colcon_core.package_identification:Package 'HardwareManagers/ircamera_manager' with type 'ros.ament_cmake' and name 'ircamera_manager'
[3.004s] Level 1:colcon.colcon_core.package_identification:_identify(HardwareManagers/logger) by extensions ['ignore', 'ignore_ament_install']
[3.005s] Level 1:colcon.colcon_core.package_identification:_identify(HardwareManagers/logger) by extension 'ignore'
[3.005s] Level 1:colcon.colcon_core.package_identification:_identify(HardwareManagers/logger) by extension 'ignore_ament_install'
[3.005s] Level 1:colcon.colcon_core.package_identification:_identify(HardwareManagers/logger) by extensions ['colcon_pkg']
[3.005s] Level 1:colcon.colcon_core.package_identification:_identify(HardwareManagers/logger) by extension 'colcon_pkg'
[3.005s] Level 1:colcon.colcon_core.package_identification:_identify(HardwareManagers/logger) by extensions ['colcon_meta']
[3.005s] Level 1:colcon.colcon_core.package_identification:_identify(HardwareManagers/logger) by extension 'colcon_meta'
[3.006s] Level 1:colcon.colcon_core.package_identification:_identify(HardwareManagers/logger) by extensions ['ros']
[3.006s] Level 1:colcon.colcon_core.package_identification:_identify(HardwareManagers/logger) by extension 'ros'
[3.009s] DEBUG:colcon.colcon_core.package_identification:Package 'HardwareManagers/logger' with type 'ros.ament_cmake' and name 'logger'
[3.009s] Level 1:colcon.colcon_core.package_identification:_identify(HardwareManagers/streamer) by extensions ['ignore', 'ignore_ament_install']
[3.009s] Level 1:colcon.colcon_core.package_identification:_identify(HardwareManagers/streamer) by extension 'ignore'
[3.010s] Level 1:colcon.colcon_core.package_identification:_identify(HardwareManagers/streamer) by extension 'ignore_ament_install'
[3.010s] Level 1:colcon.colcon_core.package_identification:_identify(HardwareManagers/streamer) by extensions ['colcon_pkg']
[3.010s] Level 1:colcon.colcon_core.package_identification:_identify(HardwareManagers/streamer) by extension 'colcon_pkg'
[3.010s] Level 1:colcon.colcon_core.package_identification:_identify(HardwareManagers/streamer) by extensions ['colcon_meta']
[3.010s] Level 1:colcon.colcon_core.package_identification:_identify(HardwareManagers/streamer) by extension 'colcon_meta'
[3.010s] Level 1:colcon.colcon_core.package_identification:_identify(HardwareManagers/streamer) by extensions ['ros']
[3.011s] Level 1:colcon.colcon_core.package_identification:_identify(HardwareManagers/streamer) by extension 'ros'
[3.014s] DEBUG:colcon.colcon_core.package_identification:Package 'HardwareManagers/streamer' with type 'ros.ament_cmake' and name 'streamer'
[3.014s] Level 1:colcon.colcon_core.package_identification:_identify(build) by extensions ['ignore', 'ignore_ament_install']
[3.014s] Level 1:colcon.colcon_core.package_identification:_identify(build) by extension 'ignore'
[3.014s] Level 1:colcon.colcon_core.package_identification:_identify(build) ignored
[3.015s] Level 1:colcon.colcon_core.package_identification:_identify(gSDK) by extensions ['ignore', 'ignore_ament_install']
[3.015s] Level 1:colcon.colcon_core.package_identification:_identify(gSDK) by extension 'ignore'
[3.015s] Level 1:colcon.colcon_core.package_identification:_identify(gSDK) by extension 'ignore_ament_install'
[3.016s] Level 1:colcon.colcon_core.package_identification:_identify(gSDK) by extensions ['colcon_pkg']
[3.016s] Level 1:colcon.colcon_core.package_identification:_identify(gSDK) by extension 'colcon_pkg'
[3.016s] Level 1:colcon.colcon_core.package_identification:_identify(gSDK) by extensions ['colcon_meta']
[3.016s] Level 1:colcon.colcon_core.package_identification:_identify(gSDK) by extension 'colcon_meta'
[3.016s] Level 1:colcon.colcon_core.package_identification:_identify(gSDK) by extensions ['ros']
[3.016s] Level 1:colcon.colcon_core.package_identification:_identify(gSDK) by extension 'ros'
[3.019s] DEBUG:colcon.colcon_core.package_identification:Package 'gSDK' with type 'ros.ament_cmake' and name 'gSDK'
[3.019s] Level 1:colcon.colcon_core.package_identification:_identify(install) by extensions ['ignore', 'ignore_ament_install']
[3.020s] Level 1:colcon.colcon_core.package_identification:_identify(install) by extension 'ignore'
[3.020s] Level 1:colcon.colcon_core.package_identification:_identify(install) ignored
[3.020s] Level 1:colcon.colcon_core.package_identification:_identify(log) by extensions ['ignore', 'ignore_ament_install']
[3.021s] Level 1:colcon.colcon_core.package_identification:_identify(log) by extension 'ignore'
[3.021s] Level 1:colcon.colcon_core.package_identification:_identify(log) ignored
[3.021s] Level 1:colcon.colcon_core.package_discovery:discover_packages(recursive) using defaults
[3.021s] Level 1:colcon.colcon_core.package_discovery:discover_packages(ignore) discover
[3.021s] Level 1:colcon.colcon_core.package_discovery:discover_packages(ignore) using defaults
[3.021s] Level 1:colcon.colcon_core.package_discovery:discover_packages(path) discover
[3.021s] Level 1:colcon.colcon_core.package_discovery:discover_packages(path) using defaults
[3.212s] INFO:colcon.colcon_core.package_selection:Skipping not selected package 'gSDK' in 'gSDK'
[3.212s] INFO:colcon.colcon_core.package_selection:Skipping not selected package 'hardware_managers' in 'HardwareManagers/hardware_managers'
[3.212s] INFO:colcon.colcon_core.package_selection:Skipping not selected package 'hardware_msgs' in 'HardwareManagers/hardware_msgs'
[3.212s] INFO:colcon.colcon_core.package_selection:Skipping not selected package 'gimbal_manager' in 'HardwareManagers/gimbal_manager'
[3.212s] INFO:colcon.colcon_core.package_selection:Skipping not selected package 'ircamera_manager' in 'HardwareManagers/ircamera_manager'
[3.212s] INFO:colcon.colcon_core.package_selection:Skipping not selected package 'logger' in 'HardwareManagers/logger'
[3.252s] Level 5:colcon.colcon_core.verb:set package 'streamer' build argument 'cmake_args' from command line to 'None'
[3.253s] Level 5:colcon.colcon_core.verb:set package 'streamer' build argument 'cmake_target' from command line to 'None'
[3.253s] Level 5:colcon.colcon_core.verb:set package 'streamer' build argument 'cmake_target_skip_unavailable' from command line to 'False'
[3.253s] Level 5:colcon.colcon_core.verb:set package 'streamer' build argument 'cmake_clean_cache' from command line to 'False'
[3.253s] Level 5:colcon.colcon_core.verb:set package 'streamer' build argument 'cmake_clean_first' from command line to 'False'
[3.253s] Level 5:colcon.colcon_core.verb:set package 'streamer' build argument 'cmake_force_configure' from command line to 'False'
[3.253s] Level 5:colcon.colcon_core.verb:set package 'streamer' build argument 'ament_cmake_args' from command line to 'None'
[3.253s] Level 5:colcon.colcon_core.verb:set package 'streamer' build argument 'catkin_cmake_args' from command line to 'None'
[3.253s] Level 5:colcon.colcon_core.verb:set package 'streamer' build argument 'catkin_skip_building_tests' from command line to 'False'
[3.253s] DEBUG:colcon.colcon_core.verb:Building package 'streamer' with the following arguments: {'ament_cmake_args': None, 'build_base': '/DroneWorkspace/build/streamer', 'catkin_cmake_args': None, 'catkin_skip_building_tests': False, 'cmake_args': None, 'cmake_clean_cache': False, 'cmake_clean_first': False, 'cmake_force_configure': False, 'cmake_target': None, 'cmake_target_skip_unavailable': False, 'install_base': '/DroneWorkspace/install/streamer', 'merge_install': False, 'path': '/DroneWorkspace/HardwareManagers/streamer', 'symlink_install': False, 'test_result_base': None}
[3.293s] INFO:colcon.colcon_core.executor:Executing jobs using 'parallel' executor
[3.389s] DEBUG:colcon.colcon_parallel_executor.executor.parallel:run_until_complete
[3.399s] INFO:colcon.colcon_ros.task.ament_cmake.build:Building ROS package in '/DroneWorkspace/HardwareManagers/streamer' with build type 'ament_cmake'
[3.403s] INFO:colcon.colcon_cmake.task.cmake.build:Building CMake package in '/DroneWorkspace/HardwareManagers/streamer'
[3.487s] INFO:colcon.colcon_core.plugin_system:Skipping extension 'colcon_core.shell.bat': Not used on non-Windows systems
[3.488s] INFO:colcon.colcon_core.shell:Skip shell extension 'powershell' for command environment: Not usable outside of PowerShell
[3.489s] DEBUG:colcon.colcon_core.shell:Skip shell extension 'dsv' for command environment
[3.701s] DEBUG:colcon.colcon_core.event_handler.log_command:Invoking command in '/DroneWorkspace/build/streamer': /usr/local/bin/cmake /DroneWorkspace/HardwareManagers/streamer -DCMAKE_INSTALL_PREFIX=/DroneWorkspace/install/streamer
[19.600s] DEBUG:colcon.colcon_core.event_handler.log_command:Invoked command in '/DroneWorkspace/build/streamer' returned '1': /usr/local/bin/cmake /DroneWorkspace/HardwareManagers/streamer -DCMAKE_INSTALL_PREFIX=/DroneWorkspace/install/streamer
[19.979s] Level 1:colcon.colcon_core.environment:create_environment_scripts_only(streamer)
[20.042s] Level 1:colcon.colcon_core.environment:checking '/DroneWorkspace/install/streamer' for CMake module files
[20.044s] Level 1:colcon.colcon_core.environment:checking '/DroneWorkspace/install/streamer' for CMake config files
[20.053s] Level 1:colcon.colcon_core.environment:checking '/DroneWorkspace/install/streamer/bin'
[20.053s] Level 1:colcon.colcon_core.environment:checking '/DroneWorkspace/install/streamer/lib/pkgconfig/streamer.pc'
[20.056s] Level 1:colcon.colcon_core.environment:checking '/DroneWorkspace/install/streamer/lib/python3.10/site-packages'
[20.057s] Level 1:colcon.colcon_core.environment:checking '/DroneWorkspace/install/streamer/bin'
[20.099s] INFO:colcon.colcon_core.shell:Creating package script '/DroneWorkspace/install/streamer/share/streamer/package.ps1'
[20.101s] INFO:colcon.colcon_core.shell:Creating package descriptor '/DroneWorkspace/install/streamer/share/streamer/package.dsv'
[20.106s] INFO:colcon.colcon_core.shell:Creating package script '/DroneWorkspace/install/streamer/share/streamer/package.sh'
[20.109s] INFO:colcon.colcon_core.shell:Creating package script '/DroneWorkspace/install/streamer/share/streamer/package.bash'
[20.111s] INFO:colcon.colcon_core.shell:Creating package script '/DroneWorkspace/install/streamer/share/streamer/package.zsh'
[20.113s] Level 1:colcon.colcon_core.environment:create_file_with_runtime_dependencies(/DroneWorkspace/install/streamer/share/colcon-core/packages/streamer)
[20.125s] DEBUG:colcon.colcon_parallel_executor.executor.parallel:closing loop
[20.126s] DEBUG:colcon.colcon_parallel_executor.executor.parallel:loop closed
[20.126s] DEBUG:colcon.colcon_parallel_executor.executor.parallel:run_until_complete finished with '1'
[20.126s] DEBUG:colcon.colcon_core.event_reactor:joining thread
[20.196s] INFO:colcon.colcon_core.plugin_system:Skipping extension 'colcon_notification.desktop_notification.notify_send': Could not find 'notify-send'
[20.197s] INFO:colcon.colcon_core.plugin_system:Skipping extension 'colcon_notification.desktop_notification.terminal_notifier': Not used on non-Darwin systems
[20.197s] INFO:colcon.colcon_core.plugin_system:Skipping extension 'colcon_notification.desktop_notification.win32': Not used on non-Windows systems
[20.197s] INFO:colcon.colcon_notification.desktop_notification:Sending desktop notification using 'notify2'
[20.204s] DEBUG:colcon.colcon_notification.desktop_notification.notify2:Failed to initialize notify2: org.freedesktop.DBus.Error.Spawn.ExecFailed: /usr/bin/dbus-launch terminated abnormally without any error message
[20.205s] DEBUG:colcon.colcon_core.event_reactor:joined thread
[20.260s] INFO:colcon.colcon_core.shell:Creating prefix script '/DroneWorkspace/install/local_setup.ps1'
[20.266s] INFO:colcon.colcon_core.shell:Creating prefix util module '/DroneWorkspace/install/_local_setup_util_ps1.py'
[20.272s] INFO:colcon.colcon_core.shell:Creating prefix chain script '/DroneWorkspace/install/setup.ps1'
[20.314s] INFO:colcon.colcon_core.shell:Creating prefix script '/DroneWorkspace/install/local_setup.sh'
[20.316s] INFO:colcon.colcon_core.shell:Creating prefix util module '/DroneWorkspace/install/_local_setup_util_sh.py'
[20.317s] INFO:colcon.colcon_core.shell:Creating prefix chain script '/DroneWorkspace/install/setup.sh'
[20.360s] INFO:colcon.colcon_core.shell:Creating prefix script '/DroneWorkspace/install/local_setup.bash'
[20.361s] INFO:colcon.colcon_core.shell:Creating prefix chain script '/DroneWorkspace/install/setup.bash'
[20.403s] INFO:colcon.colcon_core.shell:Creating prefix script '/DroneWorkspace/install/local_setup.zsh'
[20.404s] INFO:colcon.colcon_core.shell:Creating prefix chain script '/DroneWorkspace/install/setup.zsh'
