[2.576s] DEBUG:colcon:Command line arguments: ['/usr/bin/colcon', 'build', '--packages-select', 'streamer']
[2.578s] DEBUG:colcon:Parsed command line arguments: Namespace(log_base=None, log_level=None, verb_name='build', build_base='build', install_base='install', merge_install=False, symlink_install=False, test_result_base=None, continue_on_error=False, executor='parallel', parallel_workers=12, event_handlers=None, ignore_user_meta=False, metas=['./colcon.meta'], base_paths=['.'], packages_ignore=None, packages_ignore_regex=None, paths=None, packages_up_to=None, packages_up_to_regex=None, packages_above=None, packages_above_and_dependencies=None, packages_above_depth=None, packages_select_by_dep=None, packages_skip_by_dep=None, packages_skip_up_to=None, packages_select_build_failed=False, packages_skip_build_finished=False, packages_select_test_failures=False, packages_skip_test_passed=False, packages_select=['streamer'], packages_skip=None, packages_select_regex=None, packages_skip_regex=None, packages_start=None, packages_end=None, cmake_args=None, cmake_target=None, cmake_target_skip_unavailable=False, cmake_clean_cache=False, cmake_clean_first=False, cmake_force_configure=False, ament_cmake_args=None, catkin_cmake_args=None, catkin_skip_building_tests=False, verb_parser=<colcon_defaults.argument_parser.defaults.DefaultArgumentsDecorator object at 0x4003c260e0>, verb_extension=<colcon_core.verb.build.BuildVerb object at 0x4003c25990>, main=<bound method BuildVerb.main of <colcon_core.verb.build.BuildVerb object at 0x4003c25990>>)
[2.729s] Level 1:colcon.colcon_core.package_discovery:discover_packages(colcon_meta) check parameters
[2.729s] Level 1:colcon.colcon_core.package_discovery:discover_packages(recursive) check parameters
[2.729s] Level 1:colcon.colcon_core.package_discovery:discover_packages(ignore) check parameters
[2.730s] Level 1:colcon.colcon_core.package_discovery:discover_packages(path) check parameters
[2.730s] Level 1:colcon.colcon_core.package_discovery:discover_packages(colcon_meta) discover
[2.730s] Level 1:colcon.colcon_core.package_discovery:discover_packages(recursive) discover
[2.730s] INFO:colcon.colcon_core.package_discovery:Crawling recursively for packages in '/DroneWorkspace'
[2.731s] Level 1:colcon.colcon_core.package_identification:_identify(.) by extensions ['ignore', 'ignore_ament_install']
[2.731s] Level 1:colcon.colcon_core.package_identification:_identify(.) by extension 'ignore'
[2.732s] Level 1:colcon.colcon_core.package_identification:_identify(.) by extension 'ignore_ament_install'
[2.732s] Level 1:colcon.colcon_core.package_identification:_identify(.) by extensions ['colcon_pkg']
[2.732s] Level 1:colcon.colcon_core.package_identification:_identify(.) by extension 'colcon_pkg'
[2.732s] Level 1:colcon.colcon_core.package_identification:_identify(.) by extensions ['colcon_meta']
[2.732s] Level 1:colcon.colcon_core.package_identification:_identify(.) by extension 'colcon_meta'
[2.732s] Level 1:colcon.colcon_core.package_identification:_identify(.) by extensions ['ros']
[2.732s] Level 1:colcon.colcon_core.package_identification:_identify(.) by extension 'ros'
[2.777s] Level 1:colcon.colcon_core.package_identification:_identify(.) by extensions ['cmake', 'python']
[2.777s] Level 1:colcon.colcon_core.package_identification:_identify(.) by extension 'cmake'
[2.777s] Level 1:colcon.colcon_core.package_identification:_identify(.) by extension 'python'
[2.778s] Level 1:colcon.colcon_core.package_identification:_identify(.) by extensions ['python_setup_py']
[2.778s] Level 1:colcon.colcon_core.package_identification:_identify(.) by extension 'python_setup_py'
[2.778s] Level 1:colcon.colcon_core.package_identification:_identify(HardwareManagers) by extensions ['ignore', 'ignore_ament_install']
[2.778s] Level 1:colcon.colcon_core.package_identification:_identify(HardwareManagers) by extension 'ignore'
[2.778s] Level 1:colcon.colcon_core.package_identification:_identify(HardwareManagers) by extension 'ignore_ament_install'
[2.779s] Level 1:colcon.colcon_core.package_identification:_identify(HardwareManagers) by extensions ['colcon_pkg']
[2.779s] Level 1:colcon.colcon_core.package_identification:_identify(HardwareManagers) by extension 'colcon_pkg'
[2.779s] Level 1:colcon.colcon_core.package_identification:_identify(HardwareManagers) by extensions ['colcon_meta']
[2.779s] Level 1:colcon.colcon_core.package_identification:_identify(HardwareManagers) by extension 'colcon_meta'
[2.779s] Level 1:colcon.colcon_core.package_identification:_identify(HardwareManagers) by extensions ['ros']
[2.779s] Level 1:colcon.colcon_core.package_identification:_identify(HardwareManagers) by extension 'ros'
[2.779s] Level 1:colcon.colcon_core.package_identification:_identify(HardwareManagers) by extensions ['cmake', 'python']
[2.779s] Level 1:colcon.colcon_core.package_identification:_identify(HardwareManagers) by extension 'cmake'
[2.780s] Level 1:colcon.colcon_core.package_identification:_identify(HardwareManagers) by extension 'python'
[2.780s] Level 1:colcon.colcon_core.package_identification:_identify(HardwareManagers) by extensions ['python_setup_py']
[2.780s] Level 1:colcon.colcon_core.package_identification:_identify(HardwareManagers) by extension 'python_setup_py'
[2.780s] Level 1:colcon.colcon_core.package_identification:_identify(HardwareManagers/gimbal_manager) by extensions ['ignore', 'ignore_ament_install']
[2.780s] Level 1:colcon.colcon_core.package_identification:_identify(HardwareManagers/gimbal_manager) by extension 'ignore'
[2.780s] Level 1:colcon.colcon_core.package_identification:_identify(HardwareManagers/gimbal_manager) by extension 'ignore_ament_install'
[2.781s] Level 1:colcon.colcon_core.package_identification:_identify(HardwareManagers/gimbal_manager) by extensions ['colcon_pkg']
[2.781s] Level 1:colcon.colcon_core.package_identification:_identify(HardwareManagers/gimbal_manager) by extension 'colcon_pkg'
[2.781s] Level 1:colcon.colcon_core.package_identification:_identify(HardwareManagers/gimbal_manager) by extensions ['colcon_meta']
[2.781s] Level 1:colcon.colcon_core.package_identification:_identify(HardwareManagers/gimbal_manager) by extension 'colcon_meta'
[2.781s] Level 1:colcon.colcon_core.package_identification:_identify(HardwareManagers/gimbal_manager) by extensions ['ros']
[2.781s] Level 1:colcon.colcon_core.package_identification:_identify(HardwareManagers/gimbal_manager) by extension 'ros'
[2.794s] DEBUG:colcon.colcon_core.package_identification:Package 'HardwareManagers/gimbal_manager' with type 'ros.ament_cmake' and name 'gimbal_manager'
[2.794s] Level 1:colcon.colcon_core.package_identification:_identify(HardwareManagers/hardware_managers) by extensions ['ignore', 'ignore_ament_install']
[2.795s] Level 1:colcon.colcon_core.package_identification:_identify(HardwareManagers/hardware_managers) by extension 'ignore'
[2.795s] Level 1:colcon.colcon_core.package_identification:_identify(HardwareManagers/hardware_managers) by extension 'ignore_ament_install'
[2.795s] Level 1:colcon.colcon_core.package_identification:_identify(HardwareManagers/hardware_managers) by extensions ['colcon_pkg']
[2.795s] Level 1:colcon.colcon_core.package_identification:_identify(HardwareManagers/hardware_managers) by extension 'colcon_pkg'
[2.795s] Level 1:colcon.colcon_core.package_identification:_identify(HardwareManagers/hardware_managers) by extensions ['colcon_meta']
[2.795s] Level 1:colcon.colcon_core.package_identification:_identify(HardwareManagers/hardware_managers) by extension 'colcon_meta'
[2.795s] Level 1:colcon.colcon_core.package_identification:_identify(HardwareManagers/hardware_managers) by extensions ['ros']
[2.795s] Level 1:colcon.colcon_core.package_identification:_identify(HardwareManagers/hardware_managers) by extension 'ros'
[2.797s] DEBUG:colcon.colcon_core.package_identification:Package 'HardwareManagers/hardware_managers' with type 'ros.ament_cmake' and name 'hardware_managers'
[2.797s] Level 1:colcon.colcon_core.package_identification:_identify(HardwareManagers/hardware_msgs) by extensions ['ignore', 'ignore_ament_install']
[2.798s] Level 1:colcon.colcon_core.package_identification:_identify(HardwareManagers/hardware_msgs) by extension 'ignore'
[2.798s] Level 1:colcon.colcon_core.package_identification:_identify(HardwareManagers/hardware_msgs) by extension 'ignore_ament_install'
[2.798s] Level 1:colcon.colcon_core.package_identification:_identify(HardwareManagers/hardware_msgs) by extensions ['colcon_pkg']
[2.798s] Level 1:colcon.colcon_core.package_identification:_identify(HardwareManagers/hardware_msgs) by extension 'colcon_pkg'
[2.798s] Level 1:colcon.colcon_core.package_identification:_identify(HardwareManagers/hardware_msgs) by extensions ['colcon_meta']
[2.798s] Level 1:colcon.colcon_core.package_identification:_identify(HardwareManagers/hardware_msgs) by extension 'colcon_meta'
[2.798s] Level 1:colcon.colcon_core.package_identification:_identify(HardwareManagers/hardware_msgs) by extensions ['ros']
[2.798s] Level 1:colcon.colcon_core.package_identification:_identify(HardwareManagers/hardware_msgs) by extension 'ros'
[2.801s] DEBUG:colcon.colcon_core.package_identification:Package 'HardwareManagers/hardware_msgs' with type 'ros.ament_cmake' and name 'hardware_msgs'
[2.801s] Level 1:colcon.colcon_core.package_identification:_identify(HardwareManagers/ircamera_manager) by extensions ['ignore', 'ignore_ament_install']
[2.801s] Level 1:colcon.colcon_core.package_identification:_identify(HardwareManagers/ircamera_manager) by extension 'ignore'
[2.801s] Level 1:colcon.colcon_core.package_identification:_identify(HardwareManagers/ircamera_manager) by extension 'ignore_ament_install'
[2.801s] Level 1:colcon.colcon_core.package_identification:_identify(HardwareManagers/ircamera_manager) by extensions ['colcon_pkg']
[2.801s] Level 1:colcon.colcon_core.package_identification:_identify(HardwareManagers/ircamera_manager) by extension 'colcon_pkg'
[2.802s] Level 1:colcon.colcon_core.package_identification:_identify(HardwareManagers/ircamera_manager) by extensions ['colcon_meta']
[2.802s] Level 1:colcon.colcon_core.package_identification:_identify(HardwareManagers/ircamera_manager) by extension 'colcon_meta'
[2.802s] Level 1:colcon.colcon_core.package_identification:_identify(HardwareManagers/ircamera_manager) by extensions ['ros']
[2.802s] Level 1:colcon.colcon_core.package_identification:_identify(HardwareManagers/ircamera_manager) by extension 'ros'
[2.804s] DEBUG:colcon.colcon_core.package_identification:Package 'HardwareManagers/ircamera_manager' with type 'ros.ament_cmake' and name 'ircamera_manager'
[2.804s] Level 1:colcon.colcon_core.package_identification:_identify(HardwareManagers/logger) by extensions ['ignore', 'ignore_ament_install']
[2.805s] Level 1:colcon.colcon_core.package_identification:_identify(HardwareManagers/logger) by extension 'ignore'
[2.805s] Level 1:colcon.colcon_core.package_identification:_identify(HardwareManagers/logger) by extension 'ignore_ament_install'
[2.805s] Level 1:colcon.colcon_core.package_identification:_identify(HardwareManagers/logger) by extensions ['colcon_pkg']
[2.805s] Level 1:colcon.colcon_core.package_identification:_identify(HardwareManagers/logger) by extension 'colcon_pkg'
[2.805s] Level 1:colcon.colcon_core.package_identification:_identify(HardwareManagers/logger) by extensions ['colcon_meta']
[2.805s] Level 1:colcon.colcon_core.package_identification:_identify(HardwareManagers/logger) by extension 'colcon_meta'
[2.806s] Level 1:colcon.colcon_core.package_identification:_identify(HardwareManagers/logger) by extensions ['ros']
[2.806s] Level 1:colcon.colcon_core.package_identification:_identify(HardwareManagers/logger) by extension 'ros'
[2.808s] DEBUG:colcon.colcon_core.package_identification:Package 'HardwareManagers/logger' with type 'ros.ament_cmake' and name 'logger'
[2.808s] Level 1:colcon.colcon_core.package_identification:_identify(HardwareManagers/streamer) by extensions ['ignore', 'ignore_ament_install']
[2.809s] Level 1:colcon.colcon_core.package_identification:_identify(HardwareManagers/streamer) by extension 'ignore'
[2.809s] Level 1:colcon.colcon_core.package_identification:_identify(HardwareManagers/streamer) by extension 'ignore_ament_install'
[2.809s] Level 1:colcon.colcon_core.package_identification:_identify(HardwareManagers/streamer) by extensions ['colcon_pkg']
[2.809s] Level 1:colcon.colcon_core.package_identification:_identify(HardwareManagers/streamer) by extension 'colcon_pkg'
[2.809s] Level 1:colcon.colcon_core.package_identification:_identify(HardwareManagers/streamer) by extensions ['colcon_meta']
[2.809s] Level 1:colcon.colcon_core.package_identification:_identify(HardwareManagers/streamer) by extension 'colcon_meta'
[2.809s] Level 1:colcon.colcon_core.package_identification:_identify(HardwareManagers/streamer) by extensions ['ros']
[2.810s] Level 1:colcon.colcon_core.package_identification:_identify(HardwareManagers/streamer) by extension 'ros'
[2.812s] DEBUG:colcon.colcon_core.package_identification:Package 'HardwareManagers/streamer' with type 'ros.ament_cmake' and name 'streamer'
[2.812s] Level 1:colcon.colcon_core.package_identification:_identify(build) by extensions ['ignore', 'ignore_ament_install']
[2.813s] Level 1:colcon.colcon_core.package_identification:_identify(build) by extension 'ignore'
[2.813s] Level 1:colcon.colcon_core.package_identification:_identify(build) ignored
[2.813s] Level 1:colcon.colcon_core.package_identification:_identify(gSDK) by extensions ['ignore', 'ignore_ament_install']
[2.813s] Level 1:colcon.colcon_core.package_identification:_identify(gSDK) by extension 'ignore'
[2.814s] Level 1:colcon.colcon_core.package_identification:_identify(gSDK) by extension 'ignore_ament_install'
[2.814s] Level 1:colcon.colcon_core.package_identification:_identify(gSDK) by extensions ['colcon_pkg']
[2.814s] Level 1:colcon.colcon_core.package_identification:_identify(gSDK) by extension 'colcon_pkg'
[2.814s] Level 1:colcon.colcon_core.package_identification:_identify(gSDK) by extensions ['colcon_meta']
[2.814s] Level 1:colcon.colcon_core.package_identification:_identify(gSDK) by extension 'colcon_meta'
[2.814s] Level 1:colcon.colcon_core.package_identification:_identify(gSDK) by extensions ['ros']
[2.814s] Level 1:colcon.colcon_core.package_identification:_identify(gSDK) by extension 'ros'
[2.817s] DEBUG:colcon.colcon_core.package_identification:Package 'gSDK' with type 'ros.ament_cmake' and name 'gSDK'
[2.817s] Level 1:colcon.colcon_core.package_identification:_identify(install) by extensions ['ignore', 'ignore_ament_install']
[2.817s] Level 1:colcon.colcon_core.package_identification:_identify(install) by extension 'ignore'
[2.817s] Level 1:colcon.colcon_core.package_identification:_identify(install) ignored
[2.818s] Level 1:colcon.colcon_core.package_identification:_identify(log) by extensions ['ignore', 'ignore_ament_install']
[2.818s] Level 1:colcon.colcon_core.package_identification:_identify(log) by extension 'ignore'
[2.818s] Level 1:colcon.colcon_core.package_identification:_identify(log) ignored
[2.818s] Level 1:colcon.colcon_core.package_discovery:discover_packages(recursive) using defaults
[2.818s] Level 1:colcon.colcon_core.package_discovery:discover_packages(ignore) discover
[2.819s] Level 1:colcon.colcon_core.package_discovery:discover_packages(ignore) using defaults
[2.819s] Level 1:colcon.colcon_core.package_discovery:discover_packages(path) discover
[2.819s] Level 1:colcon.colcon_core.package_discovery:discover_packages(path) using defaults
[2.993s] INFO:colcon.colcon_core.package_selection:Skipping not selected package 'gSDK' in 'gSDK'
[2.993s] INFO:colcon.colcon_core.package_selection:Skipping not selected package 'hardware_managers' in 'HardwareManagers/hardware_managers'
[2.993s] INFO:colcon.colcon_core.package_selection:Skipping not selected package 'hardware_msgs' in 'HardwareManagers/hardware_msgs'
[2.993s] INFO:colcon.colcon_core.package_selection:Skipping not selected package 'gimbal_manager' in 'HardwareManagers/gimbal_manager'
[2.993s] INFO:colcon.colcon_core.package_selection:Skipping not selected package 'ircamera_manager' in 'HardwareManagers/ircamera_manager'
[2.993s] INFO:colcon.colcon_core.package_selection:Skipping not selected package 'logger' in 'HardwareManagers/logger'
[3.030s] Level 5:colcon.colcon_core.verb:set package 'streamer' build argument 'cmake_args' from command line to 'None'
[3.030s] Level 5:colcon.colcon_core.verb:set package 'streamer' build argument 'cmake_target' from command line to 'None'
[3.031s] Level 5:colcon.colcon_core.verb:set package 'streamer' build argument 'cmake_target_skip_unavailable' from command line to 'False'
[3.031s] Level 5:colcon.colcon_core.verb:set package 'streamer' build argument 'cmake_clean_cache' from command line to 'False'
[3.031s] Level 5:colcon.colcon_core.verb:set package 'streamer' build argument 'cmake_clean_first' from command line to 'False'
[3.031s] Level 5:colcon.colcon_core.verb:set package 'streamer' build argument 'cmake_force_configure' from command line to 'False'
[3.031s] Level 5:colcon.colcon_core.verb:set package 'streamer' build argument 'ament_cmake_args' from command line to 'None'
[3.031s] Level 5:colcon.colcon_core.verb:set package 'streamer' build argument 'catkin_cmake_args' from command line to 'None'
[3.031s] Level 5:colcon.colcon_core.verb:set package 'streamer' build argument 'catkin_skip_building_tests' from command line to 'False'
[3.031s] DEBUG:colcon.colcon_core.verb:Building package 'streamer' with the following arguments: {'ament_cmake_args': None, 'build_base': '/DroneWorkspace/build/streamer', 'catkin_cmake_args': None, 'catkin_skip_building_tests': False, 'cmake_args': None, 'cmake_clean_cache': False, 'cmake_clean_first': False, 'cmake_force_configure': False, 'cmake_target': None, 'cmake_target_skip_unavailable': False, 'install_base': '/DroneWorkspace/install/streamer', 'merge_install': False, 'path': '/DroneWorkspace/HardwareManagers/streamer', 'symlink_install': False, 'test_result_base': None}
[3.065s] INFO:colcon.colcon_core.executor:Executing jobs using 'parallel' executor
[3.140s] DEBUG:colcon.colcon_parallel_executor.executor.parallel:run_until_complete
[3.150s] INFO:colcon.colcon_ros.task.ament_cmake.build:Building ROS package in '/DroneWorkspace/HardwareManagers/streamer' with build type 'ament_cmake'
[3.155s] INFO:colcon.colcon_cmake.task.cmake.build:Building CMake package in '/DroneWorkspace/HardwareManagers/streamer'
[3.243s] INFO:colcon.colcon_core.plugin_system:Skipping extension 'colcon_core.shell.bat': Not used on non-Windows systems
[3.245s] INFO:colcon.colcon_core.shell:Skip shell extension 'powershell' for command environment: Not usable outside of PowerShell
[3.245s] DEBUG:colcon.colcon_core.shell:Skip shell extension 'dsv' for command environment
[3.437s] DEBUG:colcon.colcon_core.event_handler.log_command:Invoking command in '/DroneWorkspace/build/streamer': /usr/local/bin/cmake --build /DroneWorkspace/build/streamer -- -j12 -l12
[10.930s] DEBUG:colcon.colcon_core.event_handler.log_command:Invoked command in '/DroneWorkspace/build/streamer' returned '0': /usr/local/bin/cmake --build /DroneWorkspace/build/streamer -- -j12 -l12
[11.794s] DEBUG:colcon.colcon_core.event_handler.log_command:Invoking command in '/DroneWorkspace/build/streamer': /usr/local/bin/cmake --install /DroneWorkspace/build/streamer
[12.096s] Level 1:colcon.colcon_core.environment:create_environment_scripts_only(streamer)
[12.099s] DEBUG:colcon.colcon_core.event_handler.log_command:Invoked command in '/DroneWorkspace/build/streamer' returned '0': /usr/local/bin/cmake --install /DroneWorkspace/build/streamer
[12.142s] Level 1:colcon.colcon_core.environment:checking '/DroneWorkspace/install/streamer' for CMake module files
[12.144s] Level 1:colcon.colcon_core.environment:checking '/DroneWorkspace/install/streamer' for CMake config files
[12.145s] Level 1:colcon.colcon_core.shell:create_environment_hook('streamer', 'cmake_prefix_path')
[12.181s] INFO:colcon.colcon_core.shell:Creating environment hook '/DroneWorkspace/install/streamer/share/streamer/hook/cmake_prefix_path.ps1'
[12.188s] INFO:colcon.colcon_core.shell:Creating environment descriptor '/DroneWorkspace/install/streamer/share/streamer/hook/cmake_prefix_path.dsv'
[12.189s] INFO:colcon.colcon_core.shell:Creating environment hook '/DroneWorkspace/install/streamer/share/streamer/hook/cmake_prefix_path.sh'
[12.197s] Level 1:colcon.colcon_core.environment:checking '/DroneWorkspace/install/streamer/lib'
[12.198s] Level 1:colcon.colcon_core.shell:create_environment_hook('streamer', 'ld_library_path_lib')
[12.234s] INFO:colcon.colcon_core.shell:Creating environment hook '/DroneWorkspace/install/streamer/share/streamer/hook/ld_library_path_lib.ps1'
[12.235s] INFO:colcon.colcon_core.shell:Creating environment descriptor '/DroneWorkspace/install/streamer/share/streamer/hook/ld_library_path_lib.dsv'
[12.236s] INFO:colcon.colcon_core.shell:Creating environment hook '/DroneWorkspace/install/streamer/share/streamer/hook/ld_library_path_lib.sh'
[12.236s] Level 1:colcon.colcon_core.environment:checking '/DroneWorkspace/install/streamer/bin'
[12.237s] Level 1:colcon.colcon_core.environment:checking '/DroneWorkspace/install/streamer/lib/pkgconfig/streamer.pc'
[12.240s] Level 1:colcon.colcon_core.environment:checking '/DroneWorkspace/install/streamer/lib/python3.10/site-packages'
[12.240s] Level 1:colcon.colcon_core.environment:checking '/DroneWorkspace/install/streamer/bin'
[12.276s] INFO:colcon.colcon_core.shell:Creating package script '/DroneWorkspace/install/streamer/share/streamer/package.ps1'
[12.280s] INFO:colcon.colcon_core.shell:Creating package descriptor '/DroneWorkspace/install/streamer/share/streamer/package.dsv'
[12.282s] INFO:colcon.colcon_core.shell:Creating package script '/DroneWorkspace/install/streamer/share/streamer/package.sh'
[12.284s] INFO:colcon.colcon_core.shell:Creating package script '/DroneWorkspace/install/streamer/share/streamer/package.bash'
[12.286s] INFO:colcon.colcon_core.shell:Creating package script '/DroneWorkspace/install/streamer/share/streamer/package.zsh'
[12.288s] Level 1:colcon.colcon_core.environment:create_file_with_runtime_dependencies(/DroneWorkspace/install/streamer/share/colcon-core/packages/streamer)
[13.009s] Level 1:colcon.colcon_core.environment:create_environment_scripts_only(streamer)
[13.052s] Level 1:colcon.colcon_core.environment:checking '/DroneWorkspace/install/streamer' for CMake module files
[13.053s] Level 1:colcon.colcon_core.environment:checking '/DroneWorkspace/install/streamer' for CMake config files
[13.054s] Level 1:colcon.colcon_core.shell:create_environment_hook('streamer', 'cmake_prefix_path')
[13.093s] INFO:colcon.colcon_core.shell:Creating environment hook '/DroneWorkspace/install/streamer/share/streamer/hook/cmake_prefix_path.ps1'
[13.095s] INFO:colcon.colcon_core.shell:Creating environment descriptor '/DroneWorkspace/install/streamer/share/streamer/hook/cmake_prefix_path.dsv'
[13.096s] INFO:colcon.colcon_core.shell:Creating environment hook '/DroneWorkspace/install/streamer/share/streamer/hook/cmake_prefix_path.sh'
[13.098s] Level 1:colcon.colcon_core.environment:checking '/DroneWorkspace/install/streamer/lib'
[13.098s] Level 1:colcon.colcon_core.shell:create_environment_hook('streamer', 'ld_library_path_lib')
[13.141s] INFO:colcon.colcon_core.shell:Creating environment hook '/DroneWorkspace/install/streamer/share/streamer/hook/ld_library_path_lib.ps1'
[13.142s] INFO:colcon.colcon_core.shell:Creating environment descriptor '/DroneWorkspace/install/streamer/share/streamer/hook/ld_library_path_lib.dsv'
[13.143s] INFO:colcon.colcon_core.shell:Creating environment hook '/DroneWorkspace/install/streamer/share/streamer/hook/ld_library_path_lib.sh'
[13.144s] Level 1:colcon.colcon_core.environment:checking '/DroneWorkspace/install/streamer/bin'
[13.144s] Level 1:colcon.colcon_core.environment:checking '/DroneWorkspace/install/streamer/lib/pkgconfig/streamer.pc'
[13.145s] Level 1:colcon.colcon_core.environment:checking '/DroneWorkspace/install/streamer/lib/python3.10/site-packages'
[13.146s] Level 1:colcon.colcon_core.environment:checking '/DroneWorkspace/install/streamer/bin'
[13.186s] INFO:colcon.colcon_core.shell:Creating package script '/DroneWorkspace/install/streamer/share/streamer/package.ps1'
[13.187s] INFO:colcon.colcon_core.shell:Creating package descriptor '/DroneWorkspace/install/streamer/share/streamer/package.dsv'
[13.189s] INFO:colcon.colcon_core.shell:Creating package script '/DroneWorkspace/install/streamer/share/streamer/package.sh'
[13.190s] INFO:colcon.colcon_core.shell:Creating package script '/DroneWorkspace/install/streamer/share/streamer/package.bash'
[13.191s] INFO:colcon.colcon_core.shell:Creating package script '/DroneWorkspace/install/streamer/share/streamer/package.zsh'
[13.192s] Level 1:colcon.colcon_core.environment:create_file_with_runtime_dependencies(/DroneWorkspace/install/streamer/share/colcon-core/packages/streamer)
[13.193s] DEBUG:colcon.colcon_parallel_executor.executor.parallel:closing loop
[13.194s] DEBUG:colcon.colcon_parallel_executor.executor.parallel:loop closed
[13.194s] DEBUG:colcon.colcon_parallel_executor.executor.parallel:run_until_complete finished with '0'
[13.194s] DEBUG:colcon.colcon_core.event_reactor:joining thread
[13.265s] INFO:colcon.colcon_core.plugin_system:Skipping extension 'colcon_notification.desktop_notification.notify_send': Could not find 'notify-send'
[13.265s] INFO:colcon.colcon_core.plugin_system:Skipping extension 'colcon_notification.desktop_notification.terminal_notifier': Not used on non-Darwin systems
[13.265s] INFO:colcon.colcon_core.plugin_system:Skipping extension 'colcon_notification.desktop_notification.win32': Not used on non-Windows systems
[13.266s] INFO:colcon.colcon_notification.desktop_notification:Sending desktop notification using 'notify2'
[13.273s] DEBUG:colcon.colcon_notification.desktop_notification.notify2:Failed to initialize notify2: org.freedesktop.DBus.Error.Spawn.ExecFailed: /usr/bin/dbus-launch terminated abnormally without any error message
[13.273s] DEBUG:colcon.colcon_core.event_reactor:joined thread
[13.326s] INFO:colcon.colcon_core.shell:Creating prefix script '/DroneWorkspace/install/local_setup.ps1'
[13.329s] INFO:colcon.colcon_core.shell:Creating prefix util module '/DroneWorkspace/install/_local_setup_util_ps1.py'
[13.335s] INFO:colcon.colcon_core.shell:Creating prefix chain script '/DroneWorkspace/install/setup.ps1'
[13.377s] INFO:colcon.colcon_core.shell:Creating prefix script '/DroneWorkspace/install/local_setup.sh'
[13.378s] INFO:colcon.colcon_core.shell:Creating prefix util module '/DroneWorkspace/install/_local_setup_util_sh.py'
[13.379s] INFO:colcon.colcon_core.shell:Creating prefix chain script '/DroneWorkspace/install/setup.sh'
[13.421s] INFO:colcon.colcon_core.shell:Creating prefix script '/DroneWorkspace/install/local_setup.bash'
[13.422s] INFO:colcon.colcon_core.shell:Creating prefix chain script '/DroneWorkspace/install/setup.bash'
[13.464s] INFO:colcon.colcon_core.shell:Creating prefix script '/DroneWorkspace/install/local_setup.zsh'
[13.465s] INFO:colcon.colcon_core.shell:Creating prefix chain script '/DroneWorkspace/install/setup.zsh'
