[2.669s] DEBUG:colcon:Command line arguments: ['/usr/bin/colcon', 'build', '--packages-select', 'streamer']
[2.671s] DEBUG:colcon:Parsed command line arguments: Namespace(log_base=None, log_level=None, verb_name='build', build_base='build', install_base='install', merge_install=False, symlink_install=False, test_result_base=None, continue_on_error=False, executor='parallel', parallel_workers=12, event_handlers=None, ignore_user_meta=False, metas=['./colcon.meta'], base_paths=['.'], packages_ignore=None, packages_ignore_regex=None, paths=None, packages_up_to=None, packages_up_to_regex=None, packages_above=None, packages_above_and_dependencies=None, packages_above_depth=None, packages_select_by_dep=None, packages_skip_by_dep=None, packages_skip_up_to=None, packages_select_build_failed=False, packages_skip_build_finished=False, packages_select_test_failures=False, packages_skip_test_passed=False, packages_select=['streamer'], packages_skip=None, packages_select_regex=None, packages_skip_regex=None, packages_start=None, packages_end=None, cmake_args=None, cmake_target=None, cmake_target_skip_unavailable=False, cmake_clean_cache=False, cmake_clean_first=False, cmake_force_configure=False, ament_cmake_args=None, catkin_cmake_args=None, catkin_skip_building_tests=False, verb_parser=<colcon_defaults.argument_parser.defaults.DefaultArgumentsDecorator object at 0x4003c260b0>, verb_extension=<colcon_core.verb.build.BuildVerb object at 0x4003c24eb0>, main=<bound method BuildVerb.main of <colcon_core.verb.build.BuildVerb object at 0x4003c24eb0>>)
[2.846s] Level 1:colcon.colcon_core.package_discovery:discover_packages(colcon_meta) check parameters
[2.846s] Level 1:colcon.colcon_core.package_discovery:discover_packages(recursive) check parameters
[2.847s] Level 1:colcon.colcon_core.package_discovery:discover_packages(ignore) check parameters
[2.847s] Level 1:colcon.colcon_core.package_discovery:discover_packages(path) check parameters
[2.847s] Level 1:colcon.colcon_core.package_discovery:discover_packages(colcon_meta) discover
[2.847s] Level 1:colcon.colcon_core.package_discovery:discover_packages(recursive) discover
[2.847s] INFO:colcon.colcon_core.package_discovery:Crawling recursively for packages in '/DroneWorkspace'
[2.848s] Level 1:colcon.colcon_core.package_identification:_identify(.) by extensions ['ignore', 'ignore_ament_install']
[2.849s] Level 1:colcon.colcon_core.package_identification:_identify(.) by extension 'ignore'
[2.849s] Level 1:colcon.colcon_core.package_identification:_identify(.) by extension 'ignore_ament_install'
[2.850s] Level 1:colcon.colcon_core.package_identification:_identify(.) by extensions ['colcon_pkg']
[2.850s] Level 1:colcon.colcon_core.package_identification:_identify(.) by extension 'colcon_pkg'
[2.850s] Level 1:colcon.colcon_core.package_identification:_identify(.) by extensions ['colcon_meta']
[2.850s] Level 1:colcon.colcon_core.package_identification:_identify(.) by extension 'colcon_meta'
[2.850s] Level 1:colcon.colcon_core.package_identification:_identify(.) by extensions ['ros']
[2.850s] Level 1:colcon.colcon_core.package_identification:_identify(.) by extension 'ros'
[2.909s] Level 1:colcon.colcon_core.package_identification:_identify(.) by extensions ['cmake', 'python']
[2.910s] Level 1:colcon.colcon_core.package_identification:_identify(.) by extension 'cmake'
[2.910s] Level 1:colcon.colcon_core.package_identification:_identify(.) by extension 'python'
[2.911s] Level 1:colcon.colcon_core.package_identification:_identify(.) by extensions ['python_setup_py']
[2.911s] Level 1:colcon.colcon_core.package_identification:_identify(.) by extension 'python_setup_py'
[2.912s] Level 1:colcon.colcon_core.package_identification:_identify(HardwareManagers) by extensions ['ignore', 'ignore_ament_install']
[2.912s] Level 1:colcon.colcon_core.package_identification:_identify(HardwareManagers) by extension 'ignore'
[2.913s] Level 1:colcon.colcon_core.package_identification:_identify(HardwareManagers) by extension 'ignore_ament_install'
[2.913s] Level 1:colcon.colcon_core.package_identification:_identify(HardwareManagers) by extensions ['colcon_pkg']
[2.913s] Level 1:colcon.colcon_core.package_identification:_identify(HardwareManagers) by extension 'colcon_pkg'
[2.914s] Level 1:colcon.colcon_core.package_identification:_identify(HardwareManagers) by extensions ['colcon_meta']
[2.914s] Level 1:colcon.colcon_core.package_identification:_identify(HardwareManagers) by extension 'colcon_meta'
[2.915s] Level 1:colcon.colcon_core.package_identification:_identify(HardwareManagers) by extensions ['ros']
[2.915s] Level 1:colcon.colcon_core.package_identification:_identify(HardwareManagers) by extension 'ros'
[2.915s] Level 1:colcon.colcon_core.package_identification:_identify(HardwareManagers) by extensions ['cmake', 'python']
[2.916s] Level 1:colcon.colcon_core.package_identification:_identify(HardwareManagers) by extension 'cmake'
[2.916s] Level 1:colcon.colcon_core.package_identification:_identify(HardwareManagers) by extension 'python'
[2.916s] Level 1:colcon.colcon_core.package_identification:_identify(HardwareManagers) by extensions ['python_setup_py']
[2.917s] Level 1:colcon.colcon_core.package_identification:_identify(HardwareManagers) by extension 'python_setup_py'
[2.917s] Level 1:colcon.colcon_core.package_identification:_identify(HardwareManagers/gimbal_manager) by extensions ['ignore', 'ignore_ament_install']
[2.918s] Level 1:colcon.colcon_core.package_identification:_identify(HardwareManagers/gimbal_manager) by extension 'ignore'
[2.918s] Level 1:colcon.colcon_core.package_identification:_identify(HardwareManagers/gimbal_manager) by extension 'ignore_ament_install'
[2.919s] Level 1:colcon.colcon_core.package_identification:_identify(HardwareManagers/gimbal_manager) by extensions ['colcon_pkg']
[2.919s] Level 1:colcon.colcon_core.package_identification:_identify(HardwareManagers/gimbal_manager) by extension 'colcon_pkg'
[2.919s] Level 1:colcon.colcon_core.package_identification:_identify(HardwareManagers/gimbal_manager) by extensions ['colcon_meta']
[2.920s] Level 1:colcon.colcon_core.package_identification:_identify(HardwareManagers/gimbal_manager) by extension 'colcon_meta'
[2.920s] Level 1:colcon.colcon_core.package_identification:_identify(HardwareManagers/gimbal_manager) by extensions ['ros']
[2.920s] Level 1:colcon.colcon_core.package_identification:_identify(HardwareManagers/gimbal_manager) by extension 'ros'
[2.944s] DEBUG:colcon.colcon_core.package_identification:Package 'HardwareManagers/gimbal_manager' with type 'ros.ament_cmake' and name 'gimbal_manager'
[2.945s] Level 1:colcon.colcon_core.package_identification:_identify(HardwareManagers/hardware_managers) by extensions ['ignore', 'ignore_ament_install']
[2.946s] Level 1:colcon.colcon_core.package_identification:_identify(HardwareManagers/hardware_managers) by extension 'ignore'
[2.946s] Level 1:colcon.colcon_core.package_identification:_identify(HardwareManagers/hardware_managers) by extension 'ignore_ament_install'
[2.947s] Level 1:colcon.colcon_core.package_identification:_identify(HardwareManagers/hardware_managers) by extensions ['colcon_pkg']
[2.947s] Level 1:colcon.colcon_core.package_identification:_identify(HardwareManagers/hardware_managers) by extension 'colcon_pkg'
[2.947s] Level 1:colcon.colcon_core.package_identification:_identify(HardwareManagers/hardware_managers) by extensions ['colcon_meta']
[2.947s] Level 1:colcon.colcon_core.package_identification:_identify(HardwareManagers/hardware_managers) by extension 'colcon_meta'
[2.948s] Level 1:colcon.colcon_core.package_identification:_identify(HardwareManagers/hardware_managers) by extensions ['ros']
[2.948s] Level 1:colcon.colcon_core.package_identification:_identify(HardwareManagers/hardware_managers) by extension 'ros'
[2.952s] DEBUG:colcon.colcon_core.package_identification:Package 'HardwareManagers/hardware_managers' with type 'ros.ament_cmake' and name 'hardware_managers'
[2.953s] Level 1:colcon.colcon_core.package_identification:_identify(HardwareManagers/hardware_msgs) by extensions ['ignore', 'ignore_ament_install']
[2.953s] Level 1:colcon.colcon_core.package_identification:_identify(HardwareManagers/hardware_msgs) by extension 'ignore'
[2.954s] Level 1:colcon.colcon_core.package_identification:_identify(HardwareManagers/hardware_msgs) by extension 'ignore_ament_install'
[2.954s] Level 1:colcon.colcon_core.package_identification:_identify(HardwareManagers/hardware_msgs) by extensions ['colcon_pkg']
[2.954s] Level 1:colcon.colcon_core.package_identification:_identify(HardwareManagers/hardware_msgs) by extension 'colcon_pkg'
[2.955s] Level 1:colcon.colcon_core.package_identification:_identify(HardwareManagers/hardware_msgs) by extensions ['colcon_meta']
[2.955s] Level 1:colcon.colcon_core.package_identification:_identify(HardwareManagers/hardware_msgs) by extension 'colcon_meta'
[2.955s] Level 1:colcon.colcon_core.package_identification:_identify(HardwareManagers/hardware_msgs) by extensions ['ros']
[2.956s] Level 1:colcon.colcon_core.package_identification:_identify(HardwareManagers/hardware_msgs) by extension 'ros'
[2.961s] DEBUG:colcon.colcon_core.package_identification:Package 'HardwareManagers/hardware_msgs' with type 'ros.ament_cmake' and name 'hardware_msgs'
[2.961s] Level 1:colcon.colcon_core.package_identification:_identify(HardwareManagers/ircamera_manager) by extensions ['ignore', 'ignore_ament_install']
[2.962s] Level 1:colcon.colcon_core.package_identification:_identify(HardwareManagers/ircamera_manager) by extension 'ignore'
[2.962s] Level 1:colcon.colcon_core.package_identification:_identify(HardwareManagers/ircamera_manager) by extension 'ignore_ament_install'
[2.963s] Level 1:colcon.colcon_core.package_identification:_identify(HardwareManagers/ircamera_manager) by extensions ['colcon_pkg']
[2.963s] Level 1:colcon.colcon_core.package_identification:_identify(HardwareManagers/ircamera_manager) by extension 'colcon_pkg'
[2.963s] Level 1:colcon.colcon_core.package_identification:_identify(HardwareManagers/ircamera_manager) by extensions ['colcon_meta']
[2.963s] Level 1:colcon.colcon_core.package_identification:_identify(HardwareManagers/ircamera_manager) by extension 'colcon_meta'
[2.964s] Level 1:colcon.colcon_core.package_identification:_identify(HardwareManagers/ircamera_manager) by extensions ['ros']
[2.964s] Level 1:colcon.colcon_core.package_identification:_identify(HardwareManagers/ircamera_manager) by extension 'ros'
[2.970s] DEBUG:colcon.colcon_core.package_identification:Package 'HardwareManagers/ircamera_manager' with type 'ros.ament_cmake' and name 'ircamera_manager'
[2.970s] Level 1:colcon.colcon_core.package_identification:_identify(HardwareManagers/logger) by extensions ['ignore', 'ignore_ament_install']
[2.971s] Level 1:colcon.colcon_core.package_identification:_identify(HardwareManagers/logger) by extension 'ignore'
[2.971s] Level 1:colcon.colcon_core.package_identification:_identify(HardwareManagers/logger) by extension 'ignore_ament_install'
[2.972s] Level 1:colcon.colcon_core.package_identification:_identify(HardwareManagers/logger) by extensions ['colcon_pkg']
[2.972s] Level 1:colcon.colcon_core.package_identification:_identify(HardwareManagers/logger) by extension 'colcon_pkg'
[2.972s] Level 1:colcon.colcon_core.package_identification:_identify(HardwareManagers/logger) by extensions ['colcon_meta']
[2.972s] Level 1:colcon.colcon_core.package_identification:_identify(HardwareManagers/logger) by extension 'colcon_meta'
[2.973s] Level 1:colcon.colcon_core.package_identification:_identify(HardwareManagers/logger) by extensions ['ros']
[2.973s] Level 1:colcon.colcon_core.package_identification:_identify(HardwareManagers/logger) by extension 'ros'
[2.979s] DEBUG:colcon.colcon_core.package_identification:Package 'HardwareManagers/logger' with type 'ros.ament_cmake' and name 'logger'
[2.980s] Level 1:colcon.colcon_core.package_identification:_identify(HardwareManagers/streamer) by extensions ['ignore', 'ignore_ament_install']
[2.980s] Level 1:colcon.colcon_core.package_identification:_identify(HardwareManagers/streamer) by extension 'ignore'
[2.980s] Level 1:colcon.colcon_core.package_identification:_identify(HardwareManagers/streamer) by extension 'ignore_ament_install'
[2.981s] Level 1:colcon.colcon_core.package_identification:_identify(HardwareManagers/streamer) by extensions ['colcon_pkg']
[2.981s] Level 1:colcon.colcon_core.package_identification:_identify(HardwareManagers/streamer) by extension 'colcon_pkg'
[2.982s] Level 1:colcon.colcon_core.package_identification:_identify(HardwareManagers/streamer) by extensions ['colcon_meta']
[2.982s] Level 1:colcon.colcon_core.package_identification:_identify(HardwareManagers/streamer) by extension 'colcon_meta'
[2.982s] Level 1:colcon.colcon_core.package_identification:_identify(HardwareManagers/streamer) by extensions ['ros']
[2.982s] Level 1:colcon.colcon_core.package_identification:_identify(HardwareManagers/streamer) by extension 'ros'
[2.988s] DEBUG:colcon.colcon_core.package_identification:Package 'HardwareManagers/streamer' with type 'ros.ament_cmake' and name 'streamer'
[2.989s] Level 1:colcon.colcon_core.package_identification:_identify(build) by extensions ['ignore', 'ignore_ament_install']
[2.989s] Level 1:colcon.colcon_core.package_identification:_identify(build) by extension 'ignore'
[2.990s] Level 1:colcon.colcon_core.package_identification:_identify(build) ignored
[2.990s] Level 1:colcon.colcon_core.package_identification:_identify(gSDK) by extensions ['ignore', 'ignore_ament_install']
[2.991s] Level 1:colcon.colcon_core.package_identification:_identify(gSDK) by extension 'ignore'
[2.991s] Level 1:colcon.colcon_core.package_identification:_identify(gSDK) by extension 'ignore_ament_install'
[2.992s] Level 1:colcon.colcon_core.package_identification:_identify(gSDK) by extensions ['colcon_pkg']
[2.992s] Level 1:colcon.colcon_core.package_identification:_identify(gSDK) by extension 'colcon_pkg'
[2.992s] Level 1:colcon.colcon_core.package_identification:_identify(gSDK) by extensions ['colcon_meta']
[2.992s] Level 1:colcon.colcon_core.package_identification:_identify(gSDK) by extension 'colcon_meta'
[2.993s] Level 1:colcon.colcon_core.package_identification:_identify(gSDK) by extensions ['ros']
[2.993s] Level 1:colcon.colcon_core.package_identification:_identify(gSDK) by extension 'ros'
[2.997s] DEBUG:colcon.colcon_core.package_identification:Package 'gSDK' with type 'ros.ament_cmake' and name 'gSDK'
[2.998s] Level 1:colcon.colcon_core.package_identification:_identify(install) by extensions ['ignore', 'ignore_ament_install']
[2.999s] Level 1:colcon.colcon_core.package_identification:_identify(install) by extension 'ignore'
[2.999s] Level 1:colcon.colcon_core.package_identification:_identify(install) ignored
[3.000s] Level 1:colcon.colcon_core.package_identification:_identify(log) by extensions ['ignore', 'ignore_ament_install']
[3.000s] Level 1:colcon.colcon_core.package_identification:_identify(log) by extension 'ignore'
[3.000s] Level 1:colcon.colcon_core.package_identification:_identify(log) ignored
[3.001s] Level 1:colcon.colcon_core.package_discovery:discover_packages(recursive) using defaults
[3.001s] Level 1:colcon.colcon_core.package_discovery:discover_packages(ignore) discover
[3.001s] Level 1:colcon.colcon_core.package_discovery:discover_packages(ignore) using defaults
[3.001s] Level 1:colcon.colcon_core.package_discovery:discover_packages(path) discover
[3.002s] Level 1:colcon.colcon_core.package_discovery:discover_packages(path) using defaults
[3.219s] INFO:colcon.colcon_core.package_selection:Skipping not selected package 'gSDK' in 'gSDK'
[3.220s] INFO:colcon.colcon_core.package_selection:Skipping not selected package 'hardware_managers' in 'HardwareManagers/hardware_managers'
[3.220s] INFO:colcon.colcon_core.package_selection:Skipping not selected package 'hardware_msgs' in 'HardwareManagers/hardware_msgs'
[3.220s] INFO:colcon.colcon_core.package_selection:Skipping not selected package 'gimbal_manager' in 'HardwareManagers/gimbal_manager'
[3.220s] INFO:colcon.colcon_core.package_selection:Skipping not selected package 'ircamera_manager' in 'HardwareManagers/ircamera_manager'
[3.220s] INFO:colcon.colcon_core.package_selection:Skipping not selected package 'logger' in 'HardwareManagers/logger'
[3.261s] Level 5:colcon.colcon_core.verb:set package 'streamer' build argument 'cmake_args' from command line to 'None'
[3.261s] Level 5:colcon.colcon_core.verb:set package 'streamer' build argument 'cmake_target' from command line to 'None'
[3.261s] Level 5:colcon.colcon_core.verb:set package 'streamer' build argument 'cmake_target_skip_unavailable' from command line to 'False'
[3.262s] Level 5:colcon.colcon_core.verb:set package 'streamer' build argument 'cmake_clean_cache' from command line to 'False'
[3.262s] Level 5:colcon.colcon_core.verb:set package 'streamer' build argument 'cmake_clean_first' from command line to 'False'
[3.262s] Level 5:colcon.colcon_core.verb:set package 'streamer' build argument 'cmake_force_configure' from command line to 'False'
[3.262s] Level 5:colcon.colcon_core.verb:set package 'streamer' build argument 'ament_cmake_args' from command line to 'None'
[3.262s] Level 5:colcon.colcon_core.verb:set package 'streamer' build argument 'catkin_cmake_args' from command line to 'None'
[3.262s] Level 5:colcon.colcon_core.verb:set package 'streamer' build argument 'catkin_skip_building_tests' from command line to 'False'
[3.262s] DEBUG:colcon.colcon_core.verb:Building package 'streamer' with the following arguments: {'ament_cmake_args': None, 'build_base': '/DroneWorkspace/build/streamer', 'catkin_cmake_args': None, 'catkin_skip_building_tests': False, 'cmake_args': None, 'cmake_clean_cache': False, 'cmake_clean_first': False, 'cmake_force_configure': False, 'cmake_target': None, 'cmake_target_skip_unavailable': False, 'install_base': '/DroneWorkspace/install/streamer', 'merge_install': False, 'path': '/DroneWorkspace/HardwareManagers/streamer', 'symlink_install': False, 'test_result_base': None}
[3.304s] INFO:colcon.colcon_core.executor:Executing jobs using 'parallel' executor
[3.403s] DEBUG:colcon.colcon_parallel_executor.executor.parallel:run_until_complete
[3.427s] INFO:colcon.colcon_ros.task.ament_cmake.build:Building ROS package in '/DroneWorkspace/HardwareManagers/streamer' with build type 'ament_cmake'
[3.434s] INFO:colcon.colcon_cmake.task.cmake.build:Building CMake package in '/DroneWorkspace/HardwareManagers/streamer'
[3.545s] INFO:colcon.colcon_core.plugin_system:Skipping extension 'colcon_core.shell.bat': Not used on non-Windows systems
[3.547s] INFO:colcon.colcon_core.shell:Skip shell extension 'powershell' for command environment: Not usable outside of PowerShell
[3.547s] DEBUG:colcon.colcon_core.shell:Skip shell extension 'dsv' for command environment
[3.746s] DEBUG:colcon.colcon_core.event_handler.log_command:Invoking command in '/DroneWorkspace/build/streamer': /usr/local/bin/cmake /DroneWorkspace/HardwareManagers/streamer -DCMAKE_INSTALL_PREFIX=/DroneWorkspace/install/streamer
[11.307s] DEBUG:colcon.colcon_core.event_handler.log_command:Invoked command in '/DroneWorkspace/build/streamer' returned '1': /usr/local/bin/cmake /DroneWorkspace/HardwareManagers/streamer -DCMAKE_INSTALL_PREFIX=/DroneWorkspace/install/streamer
[11.742s] Level 1:colcon.colcon_core.environment:create_environment_scripts_only(streamer)
[11.815s] Level 1:colcon.colcon_core.environment:checking '/DroneWorkspace/install/streamer' for CMake module files
[11.816s] Level 1:colcon.colcon_core.environment:checking '/DroneWorkspace/install/streamer' for CMake config files
[11.826s] Level 1:colcon.colcon_core.environment:checking '/DroneWorkspace/install/streamer/bin'
[11.826s] Level 1:colcon.colcon_core.environment:checking '/DroneWorkspace/install/streamer/lib/pkgconfig/streamer.pc'
[11.830s] Level 1:colcon.colcon_core.environment:checking '/DroneWorkspace/install/streamer/lib/python3.10/site-packages'
[11.831s] Level 1:colcon.colcon_core.environment:checking '/DroneWorkspace/install/streamer/bin'
[11.878s] INFO:colcon.colcon_core.shell:Creating package script '/DroneWorkspace/install/streamer/share/streamer/package.ps1'
[11.882s] INFO:colcon.colcon_core.shell:Creating package descriptor '/DroneWorkspace/install/streamer/share/streamer/package.dsv'
[11.887s] INFO:colcon.colcon_core.shell:Creating package script '/DroneWorkspace/install/streamer/share/streamer/package.sh'
[11.890s] INFO:colcon.colcon_core.shell:Creating package script '/DroneWorkspace/install/streamer/share/streamer/package.bash'
[11.893s] INFO:colcon.colcon_core.shell:Creating package script '/DroneWorkspace/install/streamer/share/streamer/package.zsh'
[11.895s] Level 1:colcon.colcon_core.environment:create_file_with_runtime_dependencies(/DroneWorkspace/install/streamer/share/colcon-core/packages/streamer)
[11.907s] DEBUG:colcon.colcon_parallel_executor.executor.parallel:closing loop
[11.908s] DEBUG:colcon.colcon_parallel_executor.executor.parallel:loop closed
[11.909s] DEBUG:colcon.colcon_parallel_executor.executor.parallel:run_until_complete finished with '1'
[11.909s] DEBUG:colcon.colcon_core.event_reactor:joining thread
[11.977s] INFO:colcon.colcon_core.plugin_system:Skipping extension 'colcon_notification.desktop_notification.notify_send': Could not find 'notify-send'
[11.977s] INFO:colcon.colcon_core.plugin_system:Skipping extension 'colcon_notification.desktop_notification.terminal_notifier': Not used on non-Darwin systems
[11.977s] INFO:colcon.colcon_core.plugin_system:Skipping extension 'colcon_notification.desktop_notification.win32': Not used on non-Windows systems
[11.978s] INFO:colcon.colcon_notification.desktop_notification:Sending desktop notification using 'notify2'
[11.985s] DEBUG:colcon.colcon_notification.desktop_notification.notify2:Failed to initialize notify2: org.freedesktop.DBus.Error.Spawn.ExecFailed: /usr/bin/dbus-launch terminated abnormally without any error message
[11.986s] DEBUG:colcon.colcon_core.event_reactor:joined thread
[12.037s] INFO:colcon.colcon_core.shell:Creating prefix script '/DroneWorkspace/install/local_setup.ps1'
[12.043s] INFO:colcon.colcon_core.shell:Creating prefix util module '/DroneWorkspace/install/_local_setup_util_ps1.py'
[12.050s] INFO:colcon.colcon_core.shell:Creating prefix chain script '/DroneWorkspace/install/setup.ps1'
[12.100s] INFO:colcon.colcon_core.shell:Creating prefix script '/DroneWorkspace/install/local_setup.sh'
[12.102s] INFO:colcon.colcon_core.shell:Creating prefix util module '/DroneWorkspace/install/_local_setup_util_sh.py'
[12.104s] INFO:colcon.colcon_core.shell:Creating prefix chain script '/DroneWorkspace/install/setup.sh'
[12.151s] INFO:colcon.colcon_core.shell:Creating prefix script '/DroneWorkspace/install/local_setup.bash'
[12.152s] INFO:colcon.colcon_core.shell:Creating prefix chain script '/DroneWorkspace/install/setup.bash'
[12.198s] INFO:colcon.colcon_core.shell:Creating prefix script '/DroneWorkspace/install/local_setup.zsh'
[12.199s] INFO:colcon.colcon_core.shell:Creating prefix chain script '/DroneWorkspace/install/setup.zsh'
