[2.829s] DEBUG:colcon:Command line arguments: ['/usr/bin/colcon', 'build', '--packages-select', 'streamer']
[2.831s] DEBUG:colcon:Parsed command line arguments: Namespace(log_base=None, log_level=None, verb_name='build', build_base='build', install_base='install', merge_install=False, symlink_install=False, test_result_base=None, continue_on_error=False, executor='parallel', parallel_workers=12, event_handlers=None, ignore_user_meta=False, metas=['./colcon.meta'], base_paths=['.'], packages_ignore=None, packages_ignore_regex=None, paths=None, packages_up_to=None, packages_up_to_regex=None, packages_above=None, packages_above_and_dependencies=None, packages_above_depth=None, packages_select_by_dep=None, packages_skip_by_dep=None, packages_skip_up_to=None, packages_select_build_failed=False, packages_skip_build_finished=False, packages_select_test_failures=False, packages_skip_test_passed=False, packages_select=['streamer'], packages_skip=None, packages_select_regex=None, packages_skip_regex=None, packages_start=None, packages_end=None, cmake_args=None, cmake_target=None, cmake_target_skip_unavailable=False, cmake_clean_cache=False, cmake_clean_first=False, cmake_force_configure=False, ament_cmake_args=None, catkin_cmake_args=None, catkin_skip_building_tests=False, verb_parser=<colcon_defaults.argument_parser.defaults.DefaultArgumentsDecorator object at 0x4003c26110>, verb_extension=<colcon_core.verb.build.BuildVerb object at 0x4003c24f40>, main=<bound method BuildVerb.main of <colcon_core.verb.build.BuildVerb object at 0x4003c24f40>>)
[3.002s] Level 1:colcon.colcon_core.package_discovery:discover_packages(colcon_meta) check parameters
[3.002s] Level 1:colcon.colcon_core.package_discovery:discover_packages(recursive) check parameters
[3.002s] Level 1:colcon.colcon_core.package_discovery:discover_packages(ignore) check parameters
[3.003s] Level 1:colcon.colcon_core.package_discovery:discover_packages(path) check parameters
[3.003s] Level 1:colcon.colcon_core.package_discovery:discover_packages(colcon_meta) discover
[3.003s] Level 1:colcon.colcon_core.package_discovery:discover_packages(recursive) discover
[3.003s] INFO:colcon.colcon_core.package_discovery:Crawling recursively for packages in '/DroneWorkspace'
[3.004s] Level 1:colcon.colcon_core.package_identification:_identify(.) by extensions ['ignore', 'ignore_ament_install']
[3.004s] Level 1:colcon.colcon_core.package_identification:_identify(.) by extension 'ignore'
[3.005s] Level 1:colcon.colcon_core.package_identification:_identify(.) by extension 'ignore_ament_install'
[3.005s] Level 1:colcon.colcon_core.package_identification:_identify(.) by extensions ['colcon_pkg']
[3.005s] Level 1:colcon.colcon_core.package_identification:_identify(.) by extension 'colcon_pkg'
[3.005s] Level 1:colcon.colcon_core.package_identification:_identify(.) by extensions ['colcon_meta']
[3.005s] Level 1:colcon.colcon_core.package_identification:_identify(.) by extension 'colcon_meta'
[3.006s] Level 1:colcon.colcon_core.package_identification:_identify(.) by extensions ['ros']
[3.006s] Level 1:colcon.colcon_core.package_identification:_identify(.) by extension 'ros'
[3.056s] Level 1:colcon.colcon_core.package_identification:_identify(.) by extensions ['cmake', 'python']
[3.056s] Level 1:colcon.colcon_core.package_identification:_identify(.) by extension 'cmake'
[3.056s] Level 1:colcon.colcon_core.package_identification:_identify(.) by extension 'python'
[3.056s] Level 1:colcon.colcon_core.package_identification:_identify(.) by extensions ['python_setup_py']
[3.056s] Level 1:colcon.colcon_core.package_identification:_identify(.) by extension 'python_setup_py'
[3.057s] Level 1:colcon.colcon_core.package_identification:_identify(HardwareManagers) by extensions ['ignore', 'ignore_ament_install']
[3.057s] Level 1:colcon.colcon_core.package_identification:_identify(HardwareManagers) by extension 'ignore'
[3.057s] Level 1:colcon.colcon_core.package_identification:_identify(HardwareManagers) by extension 'ignore_ament_install'
[3.057s] Level 1:colcon.colcon_core.package_identification:_identify(HardwareManagers) by extensions ['colcon_pkg']
[3.057s] Level 1:colcon.colcon_core.package_identification:_identify(HardwareManagers) by extension 'colcon_pkg'
[3.058s] Level 1:colcon.colcon_core.package_identification:_identify(HardwareManagers) by extensions ['colcon_meta']
[3.058s] Level 1:colcon.colcon_core.package_identification:_identify(HardwareManagers) by extension 'colcon_meta'
[3.058s] Level 1:colcon.colcon_core.package_identification:_identify(HardwareManagers) by extensions ['ros']
[3.058s] Level 1:colcon.colcon_core.package_identification:_identify(HardwareManagers) by extension 'ros'
[3.058s] Level 1:colcon.colcon_core.package_identification:_identify(HardwareManagers) by extensions ['cmake', 'python']
[3.058s] Level 1:colcon.colcon_core.package_identification:_identify(HardwareManagers) by extension 'cmake'
[3.058s] Level 1:colcon.colcon_core.package_identification:_identify(HardwareManagers) by extension 'python'
[3.059s] Level 1:colcon.colcon_core.package_identification:_identify(HardwareManagers) by extensions ['python_setup_py']
[3.059s] Level 1:colcon.colcon_core.package_identification:_identify(HardwareManagers) by extension 'python_setup_py'
[3.059s] Level 1:colcon.colcon_core.package_identification:_identify(HardwareManagers/gimbal_manager) by extensions ['ignore', 'ignore_ament_install']
[3.059s] Level 1:colcon.colcon_core.package_identification:_identify(HardwareManagers/gimbal_manager) by extension 'ignore'
[3.059s] Level 1:colcon.colcon_core.package_identification:_identify(HardwareManagers/gimbal_manager) by extension 'ignore_ament_install'
[3.060s] Level 1:colcon.colcon_core.package_identification:_identify(HardwareManagers/gimbal_manager) by extensions ['colcon_pkg']
[3.060s] Level 1:colcon.colcon_core.package_identification:_identify(HardwareManagers/gimbal_manager) by extension 'colcon_pkg'
[3.060s] Level 1:colcon.colcon_core.package_identification:_identify(HardwareManagers/gimbal_manager) by extensions ['colcon_meta']
[3.060s] Level 1:colcon.colcon_core.package_identification:_identify(HardwareManagers/gimbal_manager) by extension 'colcon_meta'
[3.060s] Level 1:colcon.colcon_core.package_identification:_identify(HardwareManagers/gimbal_manager) by extensions ['ros']
[3.060s] Level 1:colcon.colcon_core.package_identification:_identify(HardwareManagers/gimbal_manager) by extension 'ros'
[3.074s] DEBUG:colcon.colcon_core.package_identification:Package 'HardwareManagers/gimbal_manager' with type 'ros.ament_cmake' and name 'gimbal_manager'
[3.074s] Level 1:colcon.colcon_core.package_identification:_identify(HardwareManagers/hardware_managers) by extensions ['ignore', 'ignore_ament_install']
[3.074s] Level 1:colcon.colcon_core.package_identification:_identify(HardwareManagers/hardware_managers) by extension 'ignore'
[3.075s] Level 1:colcon.colcon_core.package_identification:_identify(HardwareManagers/hardware_managers) by extension 'ignore_ament_install'
[3.075s] Level 1:colcon.colcon_core.package_identification:_identify(HardwareManagers/hardware_managers) by extensions ['colcon_pkg']
[3.075s] Level 1:colcon.colcon_core.package_identification:_identify(HardwareManagers/hardware_managers) by extension 'colcon_pkg'
[3.075s] Level 1:colcon.colcon_core.package_identification:_identify(HardwareManagers/hardware_managers) by extensions ['colcon_meta']
[3.075s] Level 1:colcon.colcon_core.package_identification:_identify(HardwareManagers/hardware_managers) by extension 'colcon_meta'
[3.075s] Level 1:colcon.colcon_core.package_identification:_identify(HardwareManagers/hardware_managers) by extensions ['ros']
[3.075s] Level 1:colcon.colcon_core.package_identification:_identify(HardwareManagers/hardware_managers) by extension 'ros'
[3.077s] DEBUG:colcon.colcon_core.package_identification:Package 'HardwareManagers/hardware_managers' with type 'ros.ament_cmake' and name 'hardware_managers'
[3.077s] Level 1:colcon.colcon_core.package_identification:_identify(HardwareManagers/hardware_msgs) by extensions ['ignore', 'ignore_ament_install']
[3.078s] Level 1:colcon.colcon_core.package_identification:_identify(HardwareManagers/hardware_msgs) by extension 'ignore'
[3.078s] Level 1:colcon.colcon_core.package_identification:_identify(HardwareManagers/hardware_msgs) by extension 'ignore_ament_install'
[3.078s] Level 1:colcon.colcon_core.package_identification:_identify(HardwareManagers/hardware_msgs) by extensions ['colcon_pkg']
[3.078s] Level 1:colcon.colcon_core.package_identification:_identify(HardwareManagers/hardware_msgs) by extension 'colcon_pkg'
[3.078s] Level 1:colcon.colcon_core.package_identification:_identify(HardwareManagers/hardware_msgs) by extensions ['colcon_meta']
[3.078s] Level 1:colcon.colcon_core.package_identification:_identify(HardwareManagers/hardware_msgs) by extension 'colcon_meta'
[3.078s] Level 1:colcon.colcon_core.package_identification:_identify(HardwareManagers/hardware_msgs) by extensions ['ros']
[3.079s] Level 1:colcon.colcon_core.package_identification:_identify(HardwareManagers/hardware_msgs) by extension 'ros'
[3.081s] DEBUG:colcon.colcon_core.package_identification:Package 'HardwareManagers/hardware_msgs' with type 'ros.ament_cmake' and name 'hardware_msgs'
[3.081s] Level 1:colcon.colcon_core.package_identification:_identify(HardwareManagers/ircamera_manager) by extensions ['ignore', 'ignore_ament_install']
[3.081s] Level 1:colcon.colcon_core.package_identification:_identify(HardwareManagers/ircamera_manager) by extension 'ignore'
[3.082s] Level 1:colcon.colcon_core.package_identification:_identify(HardwareManagers/ircamera_manager) by extension 'ignore_ament_install'
[3.082s] Level 1:colcon.colcon_core.package_identification:_identify(HardwareManagers/ircamera_manager) by extensions ['colcon_pkg']
[3.082s] Level 1:colcon.colcon_core.package_identification:_identify(HardwareManagers/ircamera_manager) by extension 'colcon_pkg'
[3.082s] Level 1:colcon.colcon_core.package_identification:_identify(HardwareManagers/ircamera_manager) by extensions ['colcon_meta']
[3.082s] Level 1:colcon.colcon_core.package_identification:_identify(HardwareManagers/ircamera_manager) by extension 'colcon_meta'
[3.082s] Level 1:colcon.colcon_core.package_identification:_identify(HardwareManagers/ircamera_manager) by extensions ['ros']
[3.082s] Level 1:colcon.colcon_core.package_identification:_identify(HardwareManagers/ircamera_manager) by extension 'ros'
[3.085s] DEBUG:colcon.colcon_core.package_identification:Package 'HardwareManagers/ircamera_manager' with type 'ros.ament_cmake' and name 'ircamera_manager'
[3.085s] Level 1:colcon.colcon_core.package_identification:_identify(HardwareManagers/logger) by extensions ['ignore', 'ignore_ament_install']
[3.085s] Level 1:colcon.colcon_core.package_identification:_identify(HardwareManagers/logger) by extension 'ignore'
[3.086s] Level 1:colcon.colcon_core.package_identification:_identify(HardwareManagers/logger) by extension 'ignore_ament_install'
[3.086s] Level 1:colcon.colcon_core.package_identification:_identify(HardwareManagers/logger) by extensions ['colcon_pkg']
[3.086s] Level 1:colcon.colcon_core.package_identification:_identify(HardwareManagers/logger) by extension 'colcon_pkg'
[3.086s] Level 1:colcon.colcon_core.package_identification:_identify(HardwareManagers/logger) by extensions ['colcon_meta']
[3.086s] Level 1:colcon.colcon_core.package_identification:_identify(HardwareManagers/logger) by extension 'colcon_meta'
[3.086s] Level 1:colcon.colcon_core.package_identification:_identify(HardwareManagers/logger) by extensions ['ros']
[3.086s] Level 1:colcon.colcon_core.package_identification:_identify(HardwareManagers/logger) by extension 'ros'
[3.089s] DEBUG:colcon.colcon_core.package_identification:Package 'HardwareManagers/logger' with type 'ros.ament_cmake' and name 'logger'
[3.089s] Level 1:colcon.colcon_core.package_identification:_identify(HardwareManagers/streamer) by extensions ['ignore', 'ignore_ament_install']
[3.090s] Level 1:colcon.colcon_core.package_identification:_identify(HardwareManagers/streamer) by extension 'ignore'
[3.090s] Level 1:colcon.colcon_core.package_identification:_identify(HardwareManagers/streamer) by extension 'ignore_ament_install'
[3.090s] Level 1:colcon.colcon_core.package_identification:_identify(HardwareManagers/streamer) by extensions ['colcon_pkg']
[3.090s] Level 1:colcon.colcon_core.package_identification:_identify(HardwareManagers/streamer) by extension 'colcon_pkg'
[3.090s] Level 1:colcon.colcon_core.package_identification:_identify(HardwareManagers/streamer) by extensions ['colcon_meta']
[3.090s] Level 1:colcon.colcon_core.package_identification:_identify(HardwareManagers/streamer) by extension 'colcon_meta'
[3.090s] Level 1:colcon.colcon_core.package_identification:_identify(HardwareManagers/streamer) by extensions ['ros']
[3.091s] Level 1:colcon.colcon_core.package_identification:_identify(HardwareManagers/streamer) by extension 'ros'
[3.093s] DEBUG:colcon.colcon_core.package_identification:Package 'HardwareManagers/streamer' with type 'ros.ament_cmake' and name 'streamer'
[3.094s] Level 1:colcon.colcon_core.package_identification:_identify(build) by extensions ['ignore', 'ignore_ament_install']
[3.094s] Level 1:colcon.colcon_core.package_identification:_identify(build) by extension 'ignore'
[3.094s] Level 1:colcon.colcon_core.package_identification:_identify(build) ignored
[3.094s] Level 1:colcon.colcon_core.package_identification:_identify(gSDK) by extensions ['ignore', 'ignore_ament_install']
[3.095s] Level 1:colcon.colcon_core.package_identification:_identify(gSDK) by extension 'ignore'
[3.095s] Level 1:colcon.colcon_core.package_identification:_identify(gSDK) by extension 'ignore_ament_install'
[3.095s] Level 1:colcon.colcon_core.package_identification:_identify(gSDK) by extensions ['colcon_pkg']
[3.095s] Level 1:colcon.colcon_core.package_identification:_identify(gSDK) by extension 'colcon_pkg'
[3.095s] Level 1:colcon.colcon_core.package_identification:_identify(gSDK) by extensions ['colcon_meta']
[3.095s] Level 1:colcon.colcon_core.package_identification:_identify(gSDK) by extension 'colcon_meta'
[3.095s] Level 1:colcon.colcon_core.package_identification:_identify(gSDK) by extensions ['ros']
[3.095s] Level 1:colcon.colcon_core.package_identification:_identify(gSDK) by extension 'ros'
[3.098s] DEBUG:colcon.colcon_core.package_identification:Package 'gSDK' with type 'ros.ament_cmake' and name 'gSDK'
[3.098s] Level 1:colcon.colcon_core.package_identification:_identify(install) by extensions ['ignore', 'ignore_ament_install']
[3.098s] Level 1:colcon.colcon_core.package_identification:_identify(install) by extension 'ignore'
[3.099s] Level 1:colcon.colcon_core.package_identification:_identify(install) ignored
[3.099s] Level 1:colcon.colcon_core.package_identification:_identify(log) by extensions ['ignore', 'ignore_ament_install']
[3.099s] Level 1:colcon.colcon_core.package_identification:_identify(log) by extension 'ignore'
[3.099s] Level 1:colcon.colcon_core.package_identification:_identify(log) ignored
[3.100s] Level 1:colcon.colcon_core.package_discovery:discover_packages(recursive) using defaults
[3.100s] Level 1:colcon.colcon_core.package_discovery:discover_packages(ignore) discover
[3.100s] Level 1:colcon.colcon_core.package_discovery:discover_packages(ignore) using defaults
[3.100s] Level 1:colcon.colcon_core.package_discovery:discover_packages(path) discover
[3.100s] Level 1:colcon.colcon_core.package_discovery:discover_packages(path) using defaults
[3.280s] INFO:colcon.colcon_core.package_selection:Skipping not selected package 'gSDK' in 'gSDK'
[3.280s] INFO:colcon.colcon_core.package_selection:Skipping not selected package 'hardware_managers' in 'HardwareManagers/hardware_managers'
[3.281s] INFO:colcon.colcon_core.package_selection:Skipping not selected package 'hardware_msgs' in 'HardwareManagers/hardware_msgs'
[3.281s] INFO:colcon.colcon_core.package_selection:Skipping not selected package 'gimbal_manager' in 'HardwareManagers/gimbal_manager'
[3.281s] INFO:colcon.colcon_core.package_selection:Skipping not selected package 'ircamera_manager' in 'HardwareManagers/ircamera_manager'
[3.281s] INFO:colcon.colcon_core.package_selection:Skipping not selected package 'logger' in 'HardwareManagers/logger'
[3.319s] Level 5:colcon.colcon_core.verb:set package 'streamer' build argument 'cmake_args' from command line to 'None'
[3.319s] Level 5:colcon.colcon_core.verb:set package 'streamer' build argument 'cmake_target' from command line to 'None'
[3.319s] Level 5:colcon.colcon_core.verb:set package 'streamer' build argument 'cmake_target_skip_unavailable' from command line to 'False'
[3.319s] Level 5:colcon.colcon_core.verb:set package 'streamer' build argument 'cmake_clean_cache' from command line to 'False'
[3.319s] Level 5:colcon.colcon_core.verb:set package 'streamer' build argument 'cmake_clean_first' from command line to 'False'
[3.319s] Level 5:colcon.colcon_core.verb:set package 'streamer' build argument 'cmake_force_configure' from command line to 'False'
[3.320s] Level 5:colcon.colcon_core.verb:set package 'streamer' build argument 'ament_cmake_args' from command line to 'None'
[3.320s] Level 5:colcon.colcon_core.verb:set package 'streamer' build argument 'catkin_cmake_args' from command line to 'None'
[3.320s] Level 5:colcon.colcon_core.verb:set package 'streamer' build argument 'catkin_skip_building_tests' from command line to 'False'
[3.320s] DEBUG:colcon.colcon_core.verb:Building package 'streamer' with the following arguments: {'ament_cmake_args': None, 'build_base': '/DroneWorkspace/build/streamer', 'catkin_cmake_args': None, 'catkin_skip_building_tests': False, 'cmake_args': None, 'cmake_clean_cache': False, 'cmake_clean_first': False, 'cmake_force_configure': False, 'cmake_target': None, 'cmake_target_skip_unavailable': False, 'install_base': '/DroneWorkspace/install/streamer', 'merge_install': False, 'path': '/DroneWorkspace/HardwareManagers/streamer', 'symlink_install': False, 'test_result_base': None}
[3.357s] INFO:colcon.colcon_core.executor:Executing jobs using 'parallel' executor
[3.440s] DEBUG:colcon.colcon_parallel_executor.executor.parallel:run_until_complete
[3.464s] INFO:colcon.colcon_ros.task.ament_cmake.build:Building ROS package in '/DroneWorkspace/HardwareManagers/streamer' with build type 'ament_cmake'
[3.469s] INFO:colcon.colcon_cmake.task.cmake.build:Building CMake package in '/DroneWorkspace/HardwareManagers/streamer'
[3.622s] INFO:colcon.colcon_core.plugin_system:Skipping extension 'colcon_core.shell.bat': Not used on non-Windows systems
[3.625s] INFO:colcon.colcon_core.shell:Skip shell extension 'powershell' for command environment: Not usable outside of PowerShell
[3.625s] DEBUG:colcon.colcon_core.shell:Skip shell extension 'dsv' for command environment
[3.859s] DEBUG:colcon.colcon_core.event_handler.log_command:Invoking command in '/DroneWorkspace/build/streamer': /usr/local/bin/cmake --build /DroneWorkspace/build/streamer -- -j12 -l12
[28.536s] DEBUG:colcon.colcon_core.event_handler.log_command:Invoked command in '/DroneWorkspace/build/streamer' returned '0': /usr/local/bin/cmake --build /DroneWorkspace/build/streamer -- -j12 -l12
[29.490s] DEBUG:colcon.colcon_core.event_handler.log_command:Invoking command in '/DroneWorkspace/build/streamer': /usr/local/bin/cmake --install /DroneWorkspace/build/streamer
[29.845s] Level 1:colcon.colcon_core.environment:create_environment_scripts_only(streamer)
[29.846s] DEBUG:colcon.colcon_core.event_handler.log_command:Invoked command in '/DroneWorkspace/build/streamer' returned '0': /usr/local/bin/cmake --install /DroneWorkspace/build/streamer
[29.919s] Level 1:colcon.colcon_core.environment:checking '/DroneWorkspace/install/streamer' for CMake module files
[29.920s] Level 1:colcon.colcon_core.environment:checking '/DroneWorkspace/install/streamer' for CMake config files
[29.922s] Level 1:colcon.colcon_core.shell:create_environment_hook('streamer', 'cmake_prefix_path')
[29.964s] INFO:colcon.colcon_core.shell:Creating environment hook '/DroneWorkspace/install/streamer/share/streamer/hook/cmake_prefix_path.ps1'
[29.973s] INFO:colcon.colcon_core.shell:Creating environment descriptor '/DroneWorkspace/install/streamer/share/streamer/hook/cmake_prefix_path.dsv'
[29.974s] INFO:colcon.colcon_core.shell:Creating environment hook '/DroneWorkspace/install/streamer/share/streamer/hook/cmake_prefix_path.sh'
[29.983s] Level 1:colcon.colcon_core.environment:checking '/DroneWorkspace/install/streamer/lib'
[29.984s] Level 1:colcon.colcon_core.shell:create_environment_hook('streamer', 'ld_library_path_lib')
[30.026s] INFO:colcon.colcon_core.shell:Creating environment hook '/DroneWorkspace/install/streamer/share/streamer/hook/ld_library_path_lib.ps1'
[30.027s] INFO:colcon.colcon_core.shell:Creating environment descriptor '/DroneWorkspace/install/streamer/share/streamer/hook/ld_library_path_lib.dsv'
[30.028s] INFO:colcon.colcon_core.shell:Creating environment hook '/DroneWorkspace/install/streamer/share/streamer/hook/ld_library_path_lib.sh'
[30.029s] Level 1:colcon.colcon_core.environment:checking '/DroneWorkspace/install/streamer/bin'
[30.030s] Level 1:colcon.colcon_core.environment:checking '/DroneWorkspace/install/streamer/lib/pkgconfig/streamer.pc'
[30.033s] Level 1:colcon.colcon_core.environment:checking '/DroneWorkspace/install/streamer/lib/python3.10/site-packages'
[30.034s] Level 1:colcon.colcon_core.environment:checking '/DroneWorkspace/install/streamer/bin'
[30.075s] INFO:colcon.colcon_core.shell:Creating package script '/DroneWorkspace/install/streamer/share/streamer/package.ps1'
[30.080s] INFO:colcon.colcon_core.shell:Creating package descriptor '/DroneWorkspace/install/streamer/share/streamer/package.dsv'
[30.082s] INFO:colcon.colcon_core.shell:Creating package script '/DroneWorkspace/install/streamer/share/streamer/package.sh'
[30.085s] INFO:colcon.colcon_core.shell:Creating package script '/DroneWorkspace/install/streamer/share/streamer/package.bash'
[30.087s] INFO:colcon.colcon_core.shell:Creating package script '/DroneWorkspace/install/streamer/share/streamer/package.zsh'
[30.090s] Level 1:colcon.colcon_core.environment:create_file_with_runtime_dependencies(/DroneWorkspace/install/streamer/share/colcon-core/packages/streamer)
[30.795s] Level 1:colcon.colcon_core.environment:create_environment_scripts_only(streamer)
[30.837s] Level 1:colcon.colcon_core.environment:checking '/DroneWorkspace/install/streamer' for CMake module files
[30.838s] Level 1:colcon.colcon_core.environment:checking '/DroneWorkspace/install/streamer' for CMake config files
[30.839s] Level 1:colcon.colcon_core.shell:create_environment_hook('streamer', 'cmake_prefix_path')
[30.881s] INFO:colcon.colcon_core.shell:Creating environment hook '/DroneWorkspace/install/streamer/share/streamer/hook/cmake_prefix_path.ps1'
[30.882s] INFO:colcon.colcon_core.shell:Creating environment descriptor '/DroneWorkspace/install/streamer/share/streamer/hook/cmake_prefix_path.dsv'
[30.883s] INFO:colcon.colcon_core.shell:Creating environment hook '/DroneWorkspace/install/streamer/share/streamer/hook/cmake_prefix_path.sh'
[30.885s] Level 1:colcon.colcon_core.environment:checking '/DroneWorkspace/install/streamer/lib'
[30.885s] Level 1:colcon.colcon_core.shell:create_environment_hook('streamer', 'ld_library_path_lib')
[30.928s] INFO:colcon.colcon_core.shell:Creating environment hook '/DroneWorkspace/install/streamer/share/streamer/hook/ld_library_path_lib.ps1'
[30.929s] INFO:colcon.colcon_core.shell:Creating environment descriptor '/DroneWorkspace/install/streamer/share/streamer/hook/ld_library_path_lib.dsv'
[30.930s] INFO:colcon.colcon_core.shell:Creating environment hook '/DroneWorkspace/install/streamer/share/streamer/hook/ld_library_path_lib.sh'
[30.931s] Level 1:colcon.colcon_core.environment:checking '/DroneWorkspace/install/streamer/bin'
[30.932s] Level 1:colcon.colcon_core.environment:checking '/DroneWorkspace/install/streamer/lib/pkgconfig/streamer.pc'
[30.932s] Level 1:colcon.colcon_core.environment:checking '/DroneWorkspace/install/streamer/lib/python3.10/site-packages'
[30.933s] Level 1:colcon.colcon_core.environment:checking '/DroneWorkspace/install/streamer/bin'
[30.975s] INFO:colcon.colcon_core.shell:Creating package script '/DroneWorkspace/install/streamer/share/streamer/package.ps1'
[30.977s] INFO:colcon.colcon_core.shell:Creating package descriptor '/DroneWorkspace/install/streamer/share/streamer/package.dsv'
[30.978s] INFO:colcon.colcon_core.shell:Creating package script '/DroneWorkspace/install/streamer/share/streamer/package.sh'
[30.980s] INFO:colcon.colcon_core.shell:Creating package script '/DroneWorkspace/install/streamer/share/streamer/package.bash'
[30.981s] INFO:colcon.colcon_core.shell:Creating package script '/DroneWorkspace/install/streamer/share/streamer/package.zsh'
[30.982s] Level 1:colcon.colcon_core.environment:create_file_with_runtime_dependencies(/DroneWorkspace/install/streamer/share/colcon-core/packages/streamer)
[30.982s] DEBUG:colcon.colcon_parallel_executor.executor.parallel:closing loop
[30.984s] DEBUG:colcon.colcon_parallel_executor.executor.parallel:loop closed
[30.984s] DEBUG:colcon.colcon_parallel_executor.executor.parallel:run_until_complete finished with '0'
[30.984s] DEBUG:colcon.colcon_core.event_reactor:joining thread
[31.062s] INFO:colcon.colcon_core.plugin_system:Skipping extension 'colcon_notification.desktop_notification.notify_send': Could not find 'notify-send'
[31.063s] INFO:colcon.colcon_core.plugin_system:Skipping extension 'colcon_notification.desktop_notification.terminal_notifier': Not used on non-Darwin systems
[31.063s] INFO:colcon.colcon_core.plugin_system:Skipping extension 'colcon_notification.desktop_notification.win32': Not used on non-Windows systems
[31.063s] INFO:colcon.colcon_notification.desktop_notification:Sending desktop notification using 'notify2'
[31.070s] DEBUG:colcon.colcon_notification.desktop_notification.notify2:Failed to initialize notify2: org.freedesktop.DBus.Error.Spawn.ExecFailed: /usr/bin/dbus-launch terminated abnormally without any error message
[31.071s] DEBUG:colcon.colcon_core.event_reactor:joined thread
[31.114s] INFO:colcon.colcon_core.shell:Creating prefix script '/DroneWorkspace/install/local_setup.ps1'
[31.118s] INFO:colcon.colcon_core.shell:Creating prefix util module '/DroneWorkspace/install/_local_setup_util_ps1.py'
[31.124s] INFO:colcon.colcon_core.shell:Creating prefix chain script '/DroneWorkspace/install/setup.ps1'
[31.168s] INFO:colcon.colcon_core.shell:Creating prefix script '/DroneWorkspace/install/local_setup.sh'
[31.170s] INFO:colcon.colcon_core.shell:Creating prefix util module '/DroneWorkspace/install/_local_setup_util_sh.py'
[31.171s] INFO:colcon.colcon_core.shell:Creating prefix chain script '/DroneWorkspace/install/setup.sh'
[31.215s] INFO:colcon.colcon_core.shell:Creating prefix script '/DroneWorkspace/install/local_setup.bash'
[31.217s] INFO:colcon.colcon_core.shell:Creating prefix chain script '/DroneWorkspace/install/setup.bash'
[31.260s] INFO:colcon.colcon_core.shell:Creating prefix script '/DroneWorkspace/install/local_setup.zsh'
[31.262s] INFO:colcon.colcon_core.shell:Creating prefix chain script '/DroneWorkspace/install/setup.zsh'
