[2.933s] DEBUG:colcon:Command line arguments: ['/usr/bin/colcon', 'build', '--packages-select', 'streamer']
[2.935s] DEBUG:colcon:Parsed command line arguments: Namespace(log_base=None, log_level=None, verb_name='build', build_base='build', install_base='install', merge_install=False, symlink_install=False, test_result_base=None, continue_on_error=False, executor='parallel', parallel_workers=12, event_handlers=None, ignore_user_meta=False, metas=['./colcon.meta'], base_paths=['.'], packages_ignore=None, packages_ignore_regex=None, paths=None, packages_up_to=None, packages_up_to_regex=None, packages_above=None, packages_above_and_dependencies=None, packages_above_depth=None, packages_select_by_dep=None, packages_skip_by_dep=None, packages_skip_up_to=None, packages_select_build_failed=False, packages_skip_build_finished=False, packages_select_test_failures=False, packages_skip_test_passed=False, packages_select=['streamer'], packages_skip=None, packages_select_regex=None, packages_skip_regex=None, packages_start=None, packages_end=None, cmake_args=None, cmake_target=None, cmake_target_skip_unavailable=False, cmake_clean_cache=False, cmake_clean_first=False, cmake_force_configure=False, ament_cmake_args=None, catkin_cmake_args=None, catkin_skip_building_tests=False, verb_parser=<colcon_defaults.argument_parser.defaults.DefaultArgumentsDecorator object at 0x4003c26140>, verb_extension=<colcon_core.verb.build.BuildVerb object at 0x4003c25a20>, main=<bound method BuildVerb.main of <colcon_core.verb.build.BuildVerb object at 0x4003c25a20>>)
[3.131s] Level 1:colcon.colcon_core.package_discovery:discover_packages(colcon_meta) check parameters
[3.131s] Level 1:colcon.colcon_core.package_discovery:discover_packages(recursive) check parameters
[3.131s] Level 1:colcon.colcon_core.package_discovery:discover_packages(ignore) check parameters
[3.132s] Level 1:colcon.colcon_core.package_discovery:discover_packages(path) check parameters
[3.132s] Level 1:colcon.colcon_core.package_discovery:discover_packages(colcon_meta) discover
[3.132s] Level 1:colcon.colcon_core.package_discovery:discover_packages(recursive) discover
[3.132s] INFO:colcon.colcon_core.package_discovery:Crawling recursively for packages in '/DroneWorkspace'
[3.133s] Level 1:colcon.colcon_core.package_identification:_identify(.) by extensions ['ignore', 'ignore_ament_install']
[3.134s] Level 1:colcon.colcon_core.package_identification:_identify(.) by extension 'ignore'
[3.134s] Level 1:colcon.colcon_core.package_identification:_identify(.) by extension 'ignore_ament_install'
[3.134s] Level 1:colcon.colcon_core.package_identification:_identify(.) by extensions ['colcon_pkg']
[3.135s] Level 1:colcon.colcon_core.package_identification:_identify(.) by extension 'colcon_pkg'
[3.135s] Level 1:colcon.colcon_core.package_identification:_identify(.) by extensions ['colcon_meta']
[3.135s] Level 1:colcon.colcon_core.package_identification:_identify(.) by extension 'colcon_meta'
[3.135s] Level 1:colcon.colcon_core.package_identification:_identify(.) by extensions ['ros']
[3.135s] Level 1:colcon.colcon_core.package_identification:_identify(.) by extension 'ros'
[3.195s] Level 1:colcon.colcon_core.package_identification:_identify(.) by extensions ['cmake', 'python']
[3.195s] Level 1:colcon.colcon_core.package_identification:_identify(.) by extension 'cmake'
[3.196s] Level 1:colcon.colcon_core.package_identification:_identify(.) by extension 'python'
[3.196s] Level 1:colcon.colcon_core.package_identification:_identify(.) by extensions ['python_setup_py']
[3.196s] Level 1:colcon.colcon_core.package_identification:_identify(.) by extension 'python_setup_py'
[3.196s] Level 1:colcon.colcon_core.package_identification:_identify(HardwareManagers) by extensions ['ignore', 'ignore_ament_install']
[3.197s] Level 1:colcon.colcon_core.package_identification:_identify(HardwareManagers) by extension 'ignore'
[3.197s] Level 1:colcon.colcon_core.package_identification:_identify(HardwareManagers) by extension 'ignore_ament_install'
[3.197s] Level 1:colcon.colcon_core.package_identification:_identify(HardwareManagers) by extensions ['colcon_pkg']
[3.197s] Level 1:colcon.colcon_core.package_identification:_identify(HardwareManagers) by extension 'colcon_pkg'
[3.198s] Level 1:colcon.colcon_core.package_identification:_identify(HardwareManagers) by extensions ['colcon_meta']
[3.198s] Level 1:colcon.colcon_core.package_identification:_identify(HardwareManagers) by extension 'colcon_meta'
[3.198s] Level 1:colcon.colcon_core.package_identification:_identify(HardwareManagers) by extensions ['ros']
[3.198s] Level 1:colcon.colcon_core.package_identification:_identify(HardwareManagers) by extension 'ros'
[3.198s] Level 1:colcon.colcon_core.package_identification:_identify(HardwareManagers) by extensions ['cmake', 'python']
[3.198s] Level 1:colcon.colcon_core.package_identification:_identify(HardwareManagers) by extension 'cmake'
[3.198s] Level 1:colcon.colcon_core.package_identification:_identify(HardwareManagers) by extension 'python'
[3.199s] Level 1:colcon.colcon_core.package_identification:_identify(HardwareManagers) by extensions ['python_setup_py']
[3.199s] Level 1:colcon.colcon_core.package_identification:_identify(HardwareManagers) by extension 'python_setup_py'
[3.199s] Level 1:colcon.colcon_core.package_identification:_identify(HardwareManagers/gimbal_manager) by extensions ['ignore', 'ignore_ament_install']
[3.199s] Level 1:colcon.colcon_core.package_identification:_identify(HardwareManagers/gimbal_manager) by extension 'ignore'
[3.200s] Level 1:colcon.colcon_core.package_identification:_identify(HardwareManagers/gimbal_manager) by extension 'ignore_ament_install'
[3.200s] Level 1:colcon.colcon_core.package_identification:_identify(HardwareManagers/gimbal_manager) by extensions ['colcon_pkg']
[3.200s] Level 1:colcon.colcon_core.package_identification:_identify(HardwareManagers/gimbal_manager) by extension 'colcon_pkg'
[3.200s] Level 1:colcon.colcon_core.package_identification:_identify(HardwareManagers/gimbal_manager) by extensions ['colcon_meta']
[3.200s] Level 1:colcon.colcon_core.package_identification:_identify(HardwareManagers/gimbal_manager) by extension 'colcon_meta'
[3.200s] Level 1:colcon.colcon_core.package_identification:_identify(HardwareManagers/gimbal_manager) by extensions ['ros']
[3.201s] Level 1:colcon.colcon_core.package_identification:_identify(HardwareManagers/gimbal_manager) by extension 'ros'
[3.217s] DEBUG:colcon.colcon_core.package_identification:Package 'HardwareManagers/gimbal_manager' with type 'ros.ament_cmake' and name 'gimbal_manager'
[3.218s] Level 1:colcon.colcon_core.package_identification:_identify(HardwareManagers/hardware_managers) by extensions ['ignore', 'ignore_ament_install']
[3.218s] Level 1:colcon.colcon_core.package_identification:_identify(HardwareManagers/hardware_managers) by extension 'ignore'
[3.218s] Level 1:colcon.colcon_core.package_identification:_identify(HardwareManagers/hardware_managers) by extension 'ignore_ament_install'
[3.218s] Level 1:colcon.colcon_core.package_identification:_identify(HardwareManagers/hardware_managers) by extensions ['colcon_pkg']
[3.219s] Level 1:colcon.colcon_core.package_identification:_identify(HardwareManagers/hardware_managers) by extension 'colcon_pkg'
[3.219s] Level 1:colcon.colcon_core.package_identification:_identify(HardwareManagers/hardware_managers) by extensions ['colcon_meta']
[3.219s] Level 1:colcon.colcon_core.package_identification:_identify(HardwareManagers/hardware_managers) by extension 'colcon_meta'
[3.219s] Level 1:colcon.colcon_core.package_identification:_identify(HardwareManagers/hardware_managers) by extensions ['ros']
[3.219s] Level 1:colcon.colcon_core.package_identification:_identify(HardwareManagers/hardware_managers) by extension 'ros'
[3.221s] DEBUG:colcon.colcon_core.package_identification:Package 'HardwareManagers/hardware_managers' with type 'ros.ament_cmake' and name 'hardware_managers'
[3.222s] Level 1:colcon.colcon_core.package_identification:_identify(HardwareManagers/hardware_msgs) by extensions ['ignore', 'ignore_ament_install']
[3.223s] Level 1:colcon.colcon_core.package_identification:_identify(HardwareManagers/hardware_msgs) by extension 'ignore'
[3.223s] Level 1:colcon.colcon_core.package_identification:_identify(HardwareManagers/hardware_msgs) by extension 'ignore_ament_install'
[3.224s] Level 1:colcon.colcon_core.package_identification:_identify(HardwareManagers/hardware_msgs) by extensions ['colcon_pkg']
[3.224s] Level 1:colcon.colcon_core.package_identification:_identify(HardwareManagers/hardware_msgs) by extension 'colcon_pkg'
[3.224s] Level 1:colcon.colcon_core.package_identification:_identify(HardwareManagers/hardware_msgs) by extensions ['colcon_meta']
[3.224s] Level 1:colcon.colcon_core.package_identification:_identify(HardwareManagers/hardware_msgs) by extension 'colcon_meta'
[3.224s] Level 1:colcon.colcon_core.package_identification:_identify(HardwareManagers/hardware_msgs) by extensions ['ros']
[3.225s] Level 1:colcon.colcon_core.package_identification:_identify(HardwareManagers/hardware_msgs) by extension 'ros'
[3.228s] DEBUG:colcon.colcon_core.package_identification:Package 'HardwareManagers/hardware_msgs' with type 'ros.ament_cmake' and name 'hardware_msgs'
[3.229s] Level 1:colcon.colcon_core.package_identification:_identify(HardwareManagers/ircamera_manager) by extensions ['ignore', 'ignore_ament_install']
[3.229s] Level 1:colcon.colcon_core.package_identification:_identify(HardwareManagers/ircamera_manager) by extension 'ignore'
[3.229s] Level 1:colcon.colcon_core.package_identification:_identify(HardwareManagers/ircamera_manager) by extension 'ignore_ament_install'
[3.229s] Level 1:colcon.colcon_core.package_identification:_identify(HardwareManagers/ircamera_manager) by extensions ['colcon_pkg']
[3.229s] Level 1:colcon.colcon_core.package_identification:_identify(HardwareManagers/ircamera_manager) by extension 'colcon_pkg'
[3.230s] Level 1:colcon.colcon_core.package_identification:_identify(HardwareManagers/ircamera_manager) by extensions ['colcon_meta']
[3.230s] Level 1:colcon.colcon_core.package_identification:_identify(HardwareManagers/ircamera_manager) by extension 'colcon_meta'
[3.230s] Level 1:colcon.colcon_core.package_identification:_identify(HardwareManagers/ircamera_manager) by extensions ['ros']
[3.230s] Level 1:colcon.colcon_core.package_identification:_identify(HardwareManagers/ircamera_manager) by extension 'ros'
[3.233s] DEBUG:colcon.colcon_core.package_identification:Package 'HardwareManagers/ircamera_manager' with type 'ros.ament_cmake' and name 'ircamera_manager'
[3.234s] Level 1:colcon.colcon_core.package_identification:_identify(HardwareManagers/logger) by extensions ['ignore', 'ignore_ament_install']
[3.234s] Level 1:colcon.colcon_core.package_identification:_identify(HardwareManagers/logger) by extension 'ignore'
[3.235s] Level 1:colcon.colcon_core.package_identification:_identify(HardwareManagers/logger) by extension 'ignore_ament_install'
[3.235s] Level 1:colcon.colcon_core.package_identification:_identify(HardwareManagers/logger) by extensions ['colcon_pkg']
[3.235s] Level 1:colcon.colcon_core.package_identification:_identify(HardwareManagers/logger) by extension 'colcon_pkg'
[3.235s] Level 1:colcon.colcon_core.package_identification:_identify(HardwareManagers/logger) by extensions ['colcon_meta']
[3.235s] Level 1:colcon.colcon_core.package_identification:_identify(HardwareManagers/logger) by extension 'colcon_meta'
[3.235s] Level 1:colcon.colcon_core.package_identification:_identify(HardwareManagers/logger) by extensions ['ros']
[3.236s] Level 1:colcon.colcon_core.package_identification:_identify(HardwareManagers/logger) by extension 'ros'
[3.239s] DEBUG:colcon.colcon_core.package_identification:Package 'HardwareManagers/logger' with type 'ros.ament_cmake' and name 'logger'
[3.240s] Level 1:colcon.colcon_core.package_identification:_identify(HardwareManagers/streamer) by extensions ['ignore', 'ignore_ament_install']
[3.240s] Level 1:colcon.colcon_core.package_identification:_identify(HardwareManagers/streamer) by extension 'ignore'
[3.240s] Level 1:colcon.colcon_core.package_identification:_identify(HardwareManagers/streamer) by extension 'ignore_ament_install'
[3.241s] Level 1:colcon.colcon_core.package_identification:_identify(HardwareManagers/streamer) by extensions ['colcon_pkg']
[3.241s] Level 1:colcon.colcon_core.package_identification:_identify(HardwareManagers/streamer) by extension 'colcon_pkg'
[3.241s] Level 1:colcon.colcon_core.package_identification:_identify(HardwareManagers/streamer) by extensions ['colcon_meta']
[3.241s] Level 1:colcon.colcon_core.package_identification:_identify(HardwareManagers/streamer) by extension 'colcon_meta'
[3.241s] Level 1:colcon.colcon_core.package_identification:_identify(HardwareManagers/streamer) by extensions ['ros']
[3.242s] Level 1:colcon.colcon_core.package_identification:_identify(HardwareManagers/streamer) by extension 'ros'
[3.245s] DEBUG:colcon.colcon_core.package_identification:Package 'HardwareManagers/streamer' with type 'ros.ament_cmake' and name 'streamer'
[3.246s] Level 1:colcon.colcon_core.package_identification:_identify(build) by extensions ['ignore', 'ignore_ament_install']
[3.246s] Level 1:colcon.colcon_core.package_identification:_identify(build) by extension 'ignore'
[3.246s] Level 1:colcon.colcon_core.package_identification:_identify(build) ignored
[3.247s] Level 1:colcon.colcon_core.package_identification:_identify(gSDK) by extensions ['ignore', 'ignore_ament_install']
[3.247s] Level 1:colcon.colcon_core.package_identification:_identify(gSDK) by extension 'ignore'
[3.247s] Level 1:colcon.colcon_core.package_identification:_identify(gSDK) by extension 'ignore_ament_install'
[3.248s] Level 1:colcon.colcon_core.package_identification:_identify(gSDK) by extensions ['colcon_pkg']
[3.248s] Level 1:colcon.colcon_core.package_identification:_identify(gSDK) by extension 'colcon_pkg'
[3.248s] Level 1:colcon.colcon_core.package_identification:_identify(gSDK) by extensions ['colcon_meta']
[3.248s] Level 1:colcon.colcon_core.package_identification:_identify(gSDK) by extension 'colcon_meta'
[3.248s] Level 1:colcon.colcon_core.package_identification:_identify(gSDK) by extensions ['ros']
[3.248s] Level 1:colcon.colcon_core.package_identification:_identify(gSDK) by extension 'ros'
[3.252s] DEBUG:colcon.colcon_core.package_identification:Package 'gSDK' with type 'ros.ament_cmake' and name 'gSDK'
[3.252s] Level 1:colcon.colcon_core.package_identification:_identify(install) by extensions ['ignore', 'ignore_ament_install']
[3.252s] Level 1:colcon.colcon_core.package_identification:_identify(install) by extension 'ignore'
[3.253s] Level 1:colcon.colcon_core.package_identification:_identify(install) ignored
[3.253s] Level 1:colcon.colcon_core.package_identification:_identify(log) by extensions ['ignore', 'ignore_ament_install']
[3.253s] Level 1:colcon.colcon_core.package_identification:_identify(log) by extension 'ignore'
[3.254s] Level 1:colcon.colcon_core.package_identification:_identify(log) ignored
[3.254s] Level 1:colcon.colcon_core.package_discovery:discover_packages(recursive) using defaults
[3.254s] Level 1:colcon.colcon_core.package_discovery:discover_packages(ignore) discover
[3.254s] Level 1:colcon.colcon_core.package_discovery:discover_packages(ignore) using defaults
[3.254s] Level 1:colcon.colcon_core.package_discovery:discover_packages(path) discover
[3.254s] Level 1:colcon.colcon_core.package_discovery:discover_packages(path) using defaults
[3.606s] INFO:colcon.colcon_core.package_selection:Skipping not selected package 'gSDK' in 'gSDK'
[3.606s] INFO:colcon.colcon_core.package_selection:Skipping not selected package 'hardware_managers' in 'HardwareManagers/hardware_managers'
[3.607s] INFO:colcon.colcon_core.package_selection:Skipping not selected package 'hardware_msgs' in 'HardwareManagers/hardware_msgs'
[3.607s] INFO:colcon.colcon_core.package_selection:Skipping not selected package 'gimbal_manager' in 'HardwareManagers/gimbal_manager'
[3.607s] INFO:colcon.colcon_core.package_selection:Skipping not selected package 'ircamera_manager' in 'HardwareManagers/ircamera_manager'
[3.607s] INFO:colcon.colcon_core.package_selection:Skipping not selected package 'logger' in 'HardwareManagers/logger'
[3.652s] Level 5:colcon.colcon_core.verb:set package 'streamer' build argument 'cmake_args' from command line to 'None'
[3.652s] Level 5:colcon.colcon_core.verb:set package 'streamer' build argument 'cmake_target' from command line to 'None'
[3.653s] Level 5:colcon.colcon_core.verb:set package 'streamer' build argument 'cmake_target_skip_unavailable' from command line to 'False'
[3.653s] Level 5:colcon.colcon_core.verb:set package 'streamer' build argument 'cmake_clean_cache' from command line to 'False'
[3.653s] Level 5:colcon.colcon_core.verb:set package 'streamer' build argument 'cmake_clean_first' from command line to 'False'
[3.653s] Level 5:colcon.colcon_core.verb:set package 'streamer' build argument 'cmake_force_configure' from command line to 'False'
[3.653s] Level 5:colcon.colcon_core.verb:set package 'streamer' build argument 'ament_cmake_args' from command line to 'None'
[3.653s] Level 5:colcon.colcon_core.verb:set package 'streamer' build argument 'catkin_cmake_args' from command line to 'None'
[3.653s] Level 5:colcon.colcon_core.verb:set package 'streamer' build argument 'catkin_skip_building_tests' from command line to 'False'
[3.653s] DEBUG:colcon.colcon_core.verb:Building package 'streamer' with the following arguments: {'ament_cmake_args': None, 'build_base': '/DroneWorkspace/build/streamer', 'catkin_cmake_args': None, 'catkin_skip_building_tests': False, 'cmake_args': None, 'cmake_clean_cache': False, 'cmake_clean_first': False, 'cmake_force_configure': False, 'cmake_target': None, 'cmake_target_skip_unavailable': False, 'install_base': '/DroneWorkspace/install/streamer', 'merge_install': False, 'path': '/DroneWorkspace/HardwareManagers/streamer', 'symlink_install': False, 'test_result_base': None}
[3.701s] INFO:colcon.colcon_core.executor:Executing jobs using 'parallel' executor
[3.813s] DEBUG:colcon.colcon_parallel_executor.executor.parallel:run_until_complete
[3.833s] INFO:colcon.colcon_ros.task.ament_cmake.build:Building ROS package in '/DroneWorkspace/HardwareManagers/streamer' with build type 'ament_cmake'
[3.843s] INFO:colcon.colcon_cmake.task.cmake.build:Building CMake package in '/DroneWorkspace/HardwareManagers/streamer'
[3.937s] INFO:colcon.colcon_core.plugin_system:Skipping extension 'colcon_core.shell.bat': Not used on non-Windows systems
[3.938s] INFO:colcon.colcon_core.shell:Skip shell extension 'powershell' for command environment: Not usable outside of PowerShell
[3.939s] DEBUG:colcon.colcon_core.shell:Skip shell extension 'dsv' for command environment
[4.181s] DEBUG:colcon.colcon_core.event_handler.log_command:Invoking command in '/DroneWorkspace/build/streamer': /usr/local/bin/cmake --build /DroneWorkspace/build/streamer -- -j12 -l12
[46.227s] DEBUG:colcon.colcon_core.event_handler.log_command:Invoked command in '/DroneWorkspace/build/streamer' returned '0': /usr/local/bin/cmake --build /DroneWorkspace/build/streamer -- -j12 -l12
[47.723s] DEBUG:colcon.colcon_core.event_handler.log_command:Invoking command in '/DroneWorkspace/build/streamer': /usr/local/bin/cmake --install /DroneWorkspace/build/streamer
[48.187s] Level 1:colcon.colcon_core.environment:create_environment_scripts_only(streamer)
[48.189s] DEBUG:colcon.colcon_core.event_handler.log_command:Invoked command in '/DroneWorkspace/build/streamer' returned '0': /usr/local/bin/cmake --install /DroneWorkspace/build/streamer
[48.256s] Level 1:colcon.colcon_core.environment:checking '/DroneWorkspace/install/streamer' for CMake module files
[48.258s] Level 1:colcon.colcon_core.environment:checking '/DroneWorkspace/install/streamer' for CMake config files
[48.260s] Level 1:colcon.colcon_core.shell:create_environment_hook('streamer', 'cmake_prefix_path')
[48.317s] INFO:colcon.colcon_core.shell:Creating environment hook '/DroneWorkspace/install/streamer/share/streamer/hook/cmake_prefix_path.ps1'
[48.328s] INFO:colcon.colcon_core.shell:Creating environment descriptor '/DroneWorkspace/install/streamer/share/streamer/hook/cmake_prefix_path.dsv'
[48.330s] INFO:colcon.colcon_core.shell:Creating environment hook '/DroneWorkspace/install/streamer/share/streamer/hook/cmake_prefix_path.sh'
[48.342s] Level 1:colcon.colcon_core.environment:checking '/DroneWorkspace/install/streamer/lib'
[48.344s] Level 1:colcon.colcon_core.shell:create_environment_hook('streamer', 'ld_library_path_lib')
[48.397s] INFO:colcon.colcon_core.shell:Creating environment hook '/DroneWorkspace/install/streamer/share/streamer/hook/ld_library_path_lib.ps1'
[48.400s] INFO:colcon.colcon_core.shell:Creating environment descriptor '/DroneWorkspace/install/streamer/share/streamer/hook/ld_library_path_lib.dsv'
[48.401s] INFO:colcon.colcon_core.shell:Creating environment hook '/DroneWorkspace/install/streamer/share/streamer/hook/ld_library_path_lib.sh'
[48.404s] Level 1:colcon.colcon_core.environment:checking '/DroneWorkspace/install/streamer/bin'
[48.405s] Level 1:colcon.colcon_core.environment:checking '/DroneWorkspace/install/streamer/lib/pkgconfig/streamer.pc'
[48.409s] Level 1:colcon.colcon_core.environment:checking '/DroneWorkspace/install/streamer/lib/python3.10/site-packages'
[48.410s] Level 1:colcon.colcon_core.environment:checking '/DroneWorkspace/install/streamer/bin'
[48.464s] INFO:colcon.colcon_core.shell:Creating package script '/DroneWorkspace/install/streamer/share/streamer/package.ps1'
[48.470s] INFO:colcon.colcon_core.shell:Creating package descriptor '/DroneWorkspace/install/streamer/share/streamer/package.dsv'
[48.472s] INFO:colcon.colcon_core.shell:Creating package script '/DroneWorkspace/install/streamer/share/streamer/package.sh'
[48.476s] INFO:colcon.colcon_core.shell:Creating package script '/DroneWorkspace/install/streamer/share/streamer/package.bash'
[48.480s] INFO:colcon.colcon_core.shell:Creating package script '/DroneWorkspace/install/streamer/share/streamer/package.zsh'
[48.483s] Level 1:colcon.colcon_core.environment:create_file_with_runtime_dependencies(/DroneWorkspace/install/streamer/share/colcon-core/packages/streamer)
[49.454s] Level 1:colcon.colcon_core.environment:create_environment_scripts_only(streamer)
[49.581s] Level 1:colcon.colcon_core.environment:checking '/DroneWorkspace/install/streamer' for CMake module files
[49.585s] Level 1:colcon.colcon_core.environment:checking '/DroneWorkspace/install/streamer' for CMake config files
[49.587s] Level 1:colcon.colcon_core.shell:create_environment_hook('streamer', 'cmake_prefix_path')
[49.718s] INFO:colcon.colcon_core.shell:Creating environment hook '/DroneWorkspace/install/streamer/share/streamer/hook/cmake_prefix_path.ps1'
[49.723s] INFO:colcon.colcon_core.shell:Creating environment descriptor '/DroneWorkspace/install/streamer/share/streamer/hook/cmake_prefix_path.dsv'
[49.725s] INFO:colcon.colcon_core.shell:Creating environment hook '/DroneWorkspace/install/streamer/share/streamer/hook/cmake_prefix_path.sh'
[49.730s] Level 1:colcon.colcon_core.environment:checking '/DroneWorkspace/install/streamer/lib'
[49.731s] Level 1:colcon.colcon_core.shell:create_environment_hook('streamer', 'ld_library_path_lib')
[49.866s] INFO:colcon.colcon_core.shell:Creating environment hook '/DroneWorkspace/install/streamer/share/streamer/hook/ld_library_path_lib.ps1'
[49.870s] INFO:colcon.colcon_core.shell:Creating environment descriptor '/DroneWorkspace/install/streamer/share/streamer/hook/ld_library_path_lib.dsv'
[49.873s] INFO:colcon.colcon_core.shell:Creating environment hook '/DroneWorkspace/install/streamer/share/streamer/hook/ld_library_path_lib.sh'
[49.875s] Level 1:colcon.colcon_core.environment:checking '/DroneWorkspace/install/streamer/bin'
[49.876s] Level 1:colcon.colcon_core.environment:checking '/DroneWorkspace/install/streamer/lib/pkgconfig/streamer.pc'
[49.878s] Level 1:colcon.colcon_core.environment:checking '/DroneWorkspace/install/streamer/lib/python3.10/site-packages'
[49.880s] Level 1:colcon.colcon_core.environment:checking '/DroneWorkspace/install/streamer/bin'
[50.013s] INFO:colcon.colcon_core.shell:Creating package script '/DroneWorkspace/install/streamer/share/streamer/package.ps1'
[50.019s] INFO:colcon.colcon_core.shell:Creating package descriptor '/DroneWorkspace/install/streamer/share/streamer/package.dsv'
[50.024s] INFO:colcon.colcon_core.shell:Creating package script '/DroneWorkspace/install/streamer/share/streamer/package.sh'
[50.028s] INFO:colcon.colcon_core.shell:Creating package script '/DroneWorkspace/install/streamer/share/streamer/package.bash'
[50.033s] INFO:colcon.colcon_core.shell:Creating package script '/DroneWorkspace/install/streamer/share/streamer/package.zsh'
[50.036s] Level 1:colcon.colcon_core.environment:create_file_with_runtime_dependencies(/DroneWorkspace/install/streamer/share/colcon-core/packages/streamer)
[50.038s] DEBUG:colcon.colcon_parallel_executor.executor.parallel:closing loop
[50.041s] DEBUG:colcon.colcon_parallel_executor.executor.parallel:loop closed
[50.041s] DEBUG:colcon.colcon_parallel_executor.executor.parallel:run_until_complete finished with '0'
[50.041s] DEBUG:colcon.colcon_core.event_reactor:joining thread
[50.241s] INFO:colcon.colcon_core.plugin_system:Skipping extension 'colcon_notification.desktop_notification.notify_send': Could not find 'notify-send'
[50.242s] INFO:colcon.colcon_core.plugin_system:Skipping extension 'colcon_notification.desktop_notification.terminal_notifier': Not used on non-Darwin systems
[50.243s] INFO:colcon.colcon_core.plugin_system:Skipping extension 'colcon_notification.desktop_notification.win32': Not used on non-Windows systems
[50.244s] INFO:colcon.colcon_notification.desktop_notification:Sending desktop notification using 'notify2'
[50.254s] DEBUG:colcon.colcon_notification.desktop_notification.notify2:Failed to initialize notify2: org.freedesktop.DBus.Error.Spawn.ExecFailed: /usr/bin/dbus-launch terminated abnormally without any error message
[50.256s] DEBUG:colcon.colcon_core.event_reactor:joined thread
[50.385s] INFO:colcon.colcon_core.shell:Creating prefix script '/DroneWorkspace/install/local_setup.ps1'
[50.396s] INFO:colcon.colcon_core.shell:Creating prefix util module '/DroneWorkspace/install/_local_setup_util_ps1.py'
[50.406s] INFO:colcon.colcon_core.shell:Creating prefix chain script '/DroneWorkspace/install/setup.ps1'
[50.468s] INFO:colcon.colcon_core.shell:Creating prefix script '/DroneWorkspace/install/local_setup.sh'
[50.470s] INFO:colcon.colcon_core.shell:Creating prefix util module '/DroneWorkspace/install/_local_setup_util_sh.py'
[50.472s] INFO:colcon.colcon_core.shell:Creating prefix chain script '/DroneWorkspace/install/setup.sh'
[50.536s] INFO:colcon.colcon_core.shell:Creating prefix script '/DroneWorkspace/install/local_setup.bash'
[50.538s] INFO:colcon.colcon_core.shell:Creating prefix chain script '/DroneWorkspace/install/setup.bash'
[50.603s] INFO:colcon.colcon_core.shell:Creating prefix script '/DroneWorkspace/install/local_setup.zsh'
[50.605s] INFO:colcon.colcon_core.shell:Creating prefix chain script '/DroneWorkspace/install/setup.zsh'
