[0.290s] Invoking command in '/DroneWorkspace/build/streamer': /usr/local/bin/cmake /DroneWorkspace/HardwareManagers/streamer -DCMAKE_INSTALL_PREFIX=/DroneWorkspace/install/streamer
[0.690s] -- Found ament_cmake: 1.3.7 (/opt/ros/humble/install/share/ament_cmake/cmake)
[8.804s] -- Found Python3: /usr/bin/python3.10 (found version "3.10.12") found components: Interpreter 
[9.604s] -- Found rclcpp: 16.0.8 (/opt/ros/humble/install/share/rclcpp/cmake)
[9.924s] -- Found rosidl_generator_c: 3.1.5 (/opt/ros/humble/install/share/rosidl_generator_c/cmake)
[9.959s] -- Found rosidl_adapter: 3.1.5 (/opt/ros/humble/install/share/rosidl_adapter/cmake)
[10.016s] -- Found rosidl_generator_cpp: 3.1.5 (/opt/ros/humble/install/share/rosidl_generator_cpp/cmake)
[10.134s] -- Using all available rosidl_typesupport_c: rosidl_typesupport_fastrtps_c;rosidl_typesupport_introspection_c
[10.265s] -- Using all available rosidl_typesupport_cpp: rosidl_typesupport_fastrtps_cpp;rosidl_typesupport_introspection_cpp
[10.652s] -- Found rmw_implementation_cmake: 6.1.1 (/opt/ros/humble/install/share/rmw_implementation_cmake/cmake)
[10.661s] -- Found rmw_cyclonedds_cpp: 1.3.4 (/opt/ros/humble/install/share/rmw_cyclonedds_cpp/cmake)
[10.855s] -- Using RMW implementation 'rmw_cyclonedds_cpp' as default
[10.892s] -- Performing Test CMAKE_HAVE_LIBC_PTHREAD
[11.968s] -- Performing Test CMAKE_HAVE_LIBC_PTHREAD - Success
[11.972s] -- Found Threads: TRUE  
[12.906s] -- Found rclcpp_components: 16.0.8 (/opt/ros/humble/install/share/rclcpp_components/cmake)
[13.267s] -- Found tf2_ros: 0.25.5 (/opt/ros/humble/install/share/tf2_ros/cmake)
[15.099s] -- Found sensor_msgs: 4.2.3 (/opt/ros/humble/install/share/sensor_msgs/cmake)
[15.576s] -- Found image_transport: 3.1.8 (/opt/ros/humble/install/share/image_transport/cmake)
[15.670s] -- Found cv_bridge: 3.2.1 (/opt/ros/humble/install/share/cv_bridge/cmake)
[15.682s] [33mCMake Warning (dev) at /usr/local/lib/cmake/opencv4/OpenCVConfig.cmake:86 (find_package):
[15.683s]   Policy CMP0146 is not set: The FindCUDA module is removed.  Run "cmake
[15.683s]   --help-policy CMP0146" for policy details.  Use the cmake_policy command to
[15.684s]   set the policy and suppress this warning.
[15.685s] 
[15.685s] Call Stack (most recent call first):
[15.686s]   /usr/local/lib/cmake/opencv4/OpenCVConfig.cmake:108 (find_host_package)
[15.686s]   /opt/ros/humble/install/share/cv_bridge/cmake/ament_cmake_export_dependencies-extras.cmake:21 (find_package)
[15.687s]   /opt/ros/humble/install/share/cv_bridge/cmake/cv_bridgeConfig.cmake:41 (include)
[15.688s]   CMakeLists.txt:28 (find_package)
[15.689s] This warning is for project developers.  Use -Wno-dev to suppress it.
[15.689s] [0m
[15.978s] -- Found CUDA: /usr/local/cuda (found suitable exact version "12.2") 
[16.131s] -- Found OpenCV: /usr/local (found version "4.8.1") 
[16.134s] [31mCMake Error at /opt/ros/humble/install/share/ament_cmake_target_dependencies/cmake/ament_target_dependencies.cmake:42 (message):
[16.135s]   ament_target_dependencies() the first argument must be a valid target name
[16.135s] Call Stack (most recent call first):
[16.136s]   CMakeLists.txt:40 (ament_target_dependencies)
[16.136s] 
[16.137s] [0m
[16.138s] -- Configuring incomplete, errors occurred!
[16.188s] Invoked command in '/DroneWorkspace/build/streamer' returned '1': /usr/local/bin/cmake /DroneWorkspace/HardwareManagers/streamer -DCMAKE_INSTALL_PREFIX=/DroneWorkspace/install/streamer
