[0.346s] Invoking command in '/DroneWorkspace/build/streamer': /usr/local/bin/cmake --build /DroneWorkspace/build/streamer -- -j12 -l12
[0.983s] -- Found ament_cmake: 1.3.7 (/opt/ros/humble/install/share/ament_cmake/cmake)
[3.844s] -- Found rclcpp: 16.0.8 (/opt/ros/humble/install/share/rclcpp/cmake)
[4.166s] -- Found rosidl_generator_c: 3.1.5 (/opt/ros/humble/install/share/rosidl_generator_c/cmake)
[4.202s] -- Found rosidl_adapter: 3.1.5 (/opt/ros/humble/install/share/rosidl_adapter/cmake)
[4.287s] -- Found rosidl_generator_cpp: 3.1.5 (/opt/ros/humble/install/share/rosidl_generator_cpp/cmake)
[4.448s] -- Using all available rosidl_typesupport_c: rosidl_typesupport_fastrtps_c;rosidl_typesupport_introspection_c
[4.671s] -- Using all available rosidl_typesupport_cpp: rosidl_typesupport_fastrtps_cpp;rosidl_typesupport_introspection_cpp
[5.454s] -- Found rmw_implementation_cmake: 6.1.1 (/opt/ros/humble/install/share/rmw_implementation_cmake/cmake)
[5.469s] -- Found rmw_cyclonedds_cpp: 1.3.4 (/opt/ros/humble/install/share/rmw_cyclonedds_cpp/cmake)
[5.874s] -- Using RMW implementation 'rmw_cyclonedds_cpp' as default
[7.930s] -- Found rclcpp_components: 16.0.8 (/opt/ros/humble/install/share/rclcpp_components/cmake)
[8.636s] -- Found tf2_ros: 0.25.5 (/opt/ros/humble/install/share/tf2_ros/cmake)
[11.155s] -- Found sensor_msgs: 4.2.3 (/opt/ros/humble/install/share/sensor_msgs/cmake)
[11.677s] -- Found image_transport: 3.1.8 (/opt/ros/humble/install/share/image_transport/cmake)
[12.005s] -- Found cv_bridge: 3.2.1 (/opt/ros/humble/install/share/cv_bridge/cmake)
[12.046s] [33mCMake Warning (dev) at /usr/local/lib/cmake/opencv4/OpenCVConfig.cmake:86 (find_package):
[12.047s]   Policy CMP0146 is not set: The FindCUDA module is removed.  Run "cmake
[12.048s]   --help-policy CMP0146" for policy details.  Use the cmake_policy command to
[12.048s]   set the policy and suppress this warning.
[12.049s] 
[12.049s] Call Stack (most recent call first):
[12.050s]   /usr/local/lib/cmake/opencv4/OpenCVConfig.cmake:108 (find_host_package)
[12.051s]   /opt/ros/humble/install/share/cv_bridge/cmake/ament_cmake_export_dependencies-extras.cmake:21 (find_package)
[12.051s]   /opt/ros/humble/install/share/cv_bridge/cmake/cv_bridgeConfig.cmake:41 (include)
[12.052s]   CMakeLists.txt:28 (find_package)
[12.052s] This warning is for project developers.  Use -Wno-dev to suppress it.
[12.053s] [0m
[12.546s] [33mCMake Warning (dev) at CMakeLists.txt:30 (find_package):
[12.546s]   Policy CMP0146 is not set: The FindCUDA module is removed.  Run "cmake
[12.547s]   --help-policy CMP0146" for policy details.  Use the cmake_policy command to
[12.548s]   set the policy and suppress this warning.
[12.549s] 
[12.549s] This warning is for project developers.  Use -Wno-dev to suppress it.
[12.550s] [0m
[12.610s] -- Found CUDA: /usr/local/cuda (found version "12.2") 
[13.443s] -- Configuring done (12.6s)
[13.730s] -- Generating done (0.2s)
[13.750s] -- Build files have been written to: /DroneWorkspace/build/streamer
[14.296s] [ 50%] [32mBuilding CXX object CMakeFiles/streamer.dir/src/streamer.cpp.o[0m
[35.573s] [100%] [32m[1mLinking CXX shared library libstreamer.so[0m
[42.225s] [100%] Built target streamer
[42.392s] Invoked command in '/DroneWorkspace/build/streamer' returned '0': /usr/local/bin/cmake --build /DroneWorkspace/build/streamer -- -j12 -l12
[43.888s] Invoking command in '/DroneWorkspace/build/streamer': /usr/local/bin/cmake --install /DroneWorkspace/build/streamer
[44.295s] -- Install configuration: ""
[44.302s] -- Installing: /DroneWorkspace/install/streamer/lib/libstreamer.so
[44.309s] -- Set non-toolchain portion of runtime path of "/DroneWorkspace/install/streamer/lib/libstreamer.so" to ""
[44.310s] -- Up-to-date: /DroneWorkspace/install/streamer/share/ament_index/resource_index/package_run_dependencies/streamer
[44.311s] -- Up-to-date: /DroneWorkspace/install/streamer/share/ament_index/resource_index/parent_prefix_path/streamer
[44.313s] -- Up-to-date: /DroneWorkspace/install/streamer/share/streamer/environment/ament_prefix_path.sh
[44.314s] -- Installing: /DroneWorkspace/install/streamer/share/streamer/environment/ament_prefix_path.dsv
[44.314s] -- Up-to-date: /DroneWorkspace/install/streamer/share/streamer/environment/path.sh
[44.315s] -- Installing: /DroneWorkspace/install/streamer/share/streamer/environment/path.dsv
[44.316s] -- Up-to-date: /DroneWorkspace/install/streamer/share/streamer/local_setup.bash
[44.316s] -- Up-to-date: /DroneWorkspace/install/streamer/share/streamer/local_setup.sh
[44.317s] -- Up-to-date: /DroneWorkspace/install/streamer/share/streamer/local_setup.zsh
[44.318s] -- Installing: /DroneWorkspace/install/streamer/share/streamer/local_setup.dsv
[44.318s] -- Installing: /DroneWorkspace/install/streamer/share/streamer/package.dsv
[44.319s] -- Up-to-date: /DroneWorkspace/install/streamer/share/ament_index/resource_index/packages/streamer
[44.320s] -- Up-to-date: /DroneWorkspace/install/streamer/share/ament_index/resource_index/rclcpp_components/streamer
[44.320s] -- Up-to-date: /DroneWorkspace/install/streamer/share/streamer/cmake/streamerConfig.cmake
[44.321s] -- Up-to-date: /DroneWorkspace/install/streamer/share/streamer/cmake/streamerConfig-version.cmake
[44.322s] -- Up-to-date: /DroneWorkspace/install/streamer/share/streamer/package.xml
[44.355s] Invoked command in '/DroneWorkspace/build/streamer' returned '0': /usr/local/bin/cmake --install /DroneWorkspace/build/streamer
