[0.282s] Invoking command in '/DroneWorkspace/build/streamer': /usr/local/bin/cmake --build /DroneWorkspace/build/streamer -- -j12 -l12
[20.039s] -- The CUDA compiler identification is NVIDIA 12.2.140
[20.085s] -- Detecting CUDA compiler ABI info
[39.465s] -- Detecting CUDA compiler ABI info - done
[39.681s] -- Check for working CUDA compiler: /usr/local/cuda/bin/nvcc - skipped
[39.714s] -- Detecting CUDA compile features
[39.718s] -- Detecting CUDA compile features - done
[39.729s] -- Found ament_cmake: 1.3.7 (/opt/ros/humble/install/share/ament_cmake/cmake)
[41.594s] -- Found rclcpp: 16.0.8 (/opt/ros/humble/install/share/rclcpp/cmake)
[41.735s] -- Found rosidl_generator_c: 3.1.5 (/opt/ros/humble/install/share/rosidl_generator_c/cmake)
[41.750s] -- Found rosidl_adapter: 3.1.5 (/opt/ros/humble/install/share/rosidl_adapter/cmake)
[41.784s] -- Found rosidl_generator_cpp: 3.1.5 (/opt/ros/humble/install/share/rosidl_generator_cpp/cmake)
[41.853s] -- Using all available rosidl_typesupport_c: rosidl_typesupport_fastrtps_c;rosidl_typesupport_introspection_c
[41.950s] -- Using all available rosidl_typesupport_cpp: rosidl_typesupport_fastrtps_cpp;rosidl_typesupport_introspection_cpp
[42.298s] -- Found rmw_implementation_cmake: 6.1.1 (/opt/ros/humble/install/share/rmw_implementation_cmake/cmake)
[42.304s] -- Found rmw_cyclonedds_cpp: 1.3.4 (/opt/ros/humble/install/share/rmw_cyclonedds_cpp/cmake)
[42.490s] -- Using RMW implementation 'rmw_cyclonedds_cpp' as default
[43.414s] -- Found rclcpp_components: 16.0.8 (/opt/ros/humble/install/share/rclcpp_components/cmake)
[43.746s] -- Found tf2_ros: 0.25.5 (/opt/ros/humble/install/share/tf2_ros/cmake)
[45.414s] -- Found sensor_msgs: 4.2.3 (/opt/ros/humble/install/share/sensor_msgs/cmake)
[45.867s] -- Found image_transport: 3.1.8 (/opt/ros/humble/install/share/image_transport/cmake)
[45.953s] -- Found cv_bridge: 3.2.1 (/opt/ros/humble/install/share/cv_bridge/cmake)
[45.962s] [33mCMake Warning (dev) at /usr/local/lib/cmake/opencv4/OpenCVConfig.cmake:86 (find_package):
[45.962s]   Policy CMP0146 is not set: The FindCUDA module is removed.  Run "cmake
[45.962s]   --help-policy CMP0146" for policy details.  Use the cmake_policy command to
[45.963s]   set the policy and suppress this warning.
[45.963s] 
[45.963s] Call Stack (most recent call first):
[45.963s]   /usr/local/lib/cmake/opencv4/OpenCVConfig.cmake:108 (find_host_package)
[45.963s]   /opt/ros/humble/install/share/cv_bridge/cmake/ament_cmake_export_dependencies-extras.cmake:21 (find_package)
[45.964s]   /opt/ros/humble/install/share/cv_bridge/cmake/cv_bridgeConfig.cmake:41 (include)
[45.964s]   CMakeLists.txt:30 (find_package)
[45.964s] This warning is for project developers.  Use -Wno-dev to suppress it.
[45.964s] [0m
[46.001s] -- Found CUDA: /usr/local/cuda (found suitable exact version "12.2") 
[46.540s] -- Configuring done (45.8s)
[46.637s] -- Generating done (0.1s)
[46.645s] -- Build files have been written to: /DroneWorkspace/build/streamer
[47.054s] [100%] Built target streamer
[47.172s] Invoked command in '/DroneWorkspace/build/streamer' returned '0': /usr/local/bin/cmake --build /DroneWorkspace/build/streamer -- -j12 -l12
[48.109s] Invoking command in '/DroneWorkspace/build/streamer': /usr/local/bin/cmake --install /DroneWorkspace/build/streamer
[48.392s] -- Install configuration: ""
[48.397s] -- Up-to-date: /DroneWorkspace/install/streamer/lib/libstreamer.so
[48.399s] -- Up-to-date: /DroneWorkspace/install/streamer/share/ament_index/resource_index/package_run_dependencies/streamer
[48.400s] -- Up-to-date: /DroneWorkspace/install/streamer/share/ament_index/resource_index/parent_prefix_path/streamer
[48.400s] -- Up-to-date: /DroneWorkspace/install/streamer/share/streamer/environment/ament_prefix_path.sh
[48.401s] -- Installing: /DroneWorkspace/install/streamer/share/streamer/environment/ament_prefix_path.dsv
[48.402s] -- Up-to-date: /DroneWorkspace/install/streamer/share/streamer/environment/path.sh
[48.402s] -- Installing: /DroneWorkspace/install/streamer/share/streamer/environment/path.dsv
[48.403s] -- Up-to-date: /DroneWorkspace/install/streamer/share/streamer/local_setup.bash
[48.403s] -- Up-to-date: /DroneWorkspace/install/streamer/share/streamer/local_setup.sh
[48.404s] -- Up-to-date: /DroneWorkspace/install/streamer/share/streamer/local_setup.zsh
[48.404s] -- Installing: /DroneWorkspace/install/streamer/share/streamer/local_setup.dsv
[48.405s] -- Installing: /DroneWorkspace/install/streamer/share/streamer/package.dsv
[48.405s] -- Up-to-date: /DroneWorkspace/install/streamer/share/ament_index/resource_index/packages/streamer
[48.406s] -- Up-to-date: /DroneWorkspace/install/streamer/share/ament_index/resource_index/rclcpp_components/streamer
[48.406s] -- Up-to-date: /DroneWorkspace/install/streamer/share/streamer/cmake/streamerConfig.cmake
[48.407s] -- Up-to-date: /DroneWorkspace/install/streamer/share/streamer/cmake/streamerConfig-version.cmake
[48.408s] -- Up-to-date: /DroneWorkspace/install/streamer/share/streamer/package.xml
[48.435s] Invoked command in '/DroneWorkspace/build/streamer' returned '0': /usr/local/bin/cmake --install /DroneWorkspace/build/streamer
