[0.147s] Invoking command in '/DroneWorkspace/build/streamer': /usr/local/bin/cmake /DroneWorkspace/HardwareManagers/streamer -DCMAKE_INSTALL_PREFIX=/DroneWorkspace/install/streamer
[1.240s] -- The C compiler identification is GNU 11.4.0
[1.841s] -- The CXX compiler identification is GNU 11.4.0
[2.020s] -- Detecting C compiler ABI info
[3.062s] -- Detecting C compiler ABI info - done
[3.112s] -- Check for working C compiler: /usr/bin/cc - skipped
[3.122s] -- Detecting C compile features
[3.124s] -- Detecting C compile features - done
[3.223s] -- Detecting CXX compiler ABI info
[4.239s] -- Detecting CXX compiler ABI info - done
[4.296s] -- Check for working CXX compiler: /usr/bin/c++ - skipped
[4.297s] -- Detecting CXX compile features
[4.300s] -- Detecting CXX compile features - done
[4.330s] [31mCMake Error at CMakeLists.txt:18 (find_package):
[4.331s]   By not providing "Findament_cmake.cmake" in CMAKE_MODULE_PATH this project
[4.331s]   has asked CMake to find a package configuration file provided by
[4.332s]   "ament_cmake", but CMake did not find one.
[4.333s] 
[4.333s]   Could not find a package configuration file provided by "ament_cmake" with
[4.334s]   any of the following names:
[4.334s] 
[4.335s]     ament_cmakeConfig.cmake
[4.335s]     ament_cmake-config.cmake
[4.336s] 
[4.336s]   Add the installation prefix of "ament_cmake" to CMAKE_PREFIX_PATH or set
[4.336s]   "ament_cmake_DIR" to a directory containing one of the above files.  If
[4.337s]   "ament_cmake" provides a separate development package or SDK, be sure it
[4.337s]   has been installed.
[4.338s] 
[4.338s] [0m
[4.339s] -- Configuring incomplete, errors occurred!
[4.369s] Invoked command in '/DroneWorkspace/build/streamer' returned '1': /usr/local/bin/cmake /DroneWorkspace/HardwareManagers/streamer -DCMAKE_INSTALL_PREFIX=/DroneWorkspace/install/streamer
