[0.263s] Invoking command in '/DroneWorkspace/build/streamer': /usr/local/bin/cmake --build /DroneWorkspace/build/streamer -- -j12 -l12
[0.759s] -- Found ament_cmake: 1.3.7 (/opt/ros/humble/install/share/ament_cmake/cmake)
[2.552s] -- Found rclcpp: 16.0.8 (/opt/ros/humble/install/share/rclcpp/cmake)
[2.701s] -- Found rosidl_generator_c: 3.1.5 (/opt/ros/humble/install/share/rosidl_generator_c/cmake)
[2.716s] -- Found rosidl_adapter: 3.1.5 (/opt/ros/humble/install/share/rosidl_adapter/cmake)
[2.750s] -- Found rosidl_generator_cpp: 3.1.5 (/opt/ros/humble/install/share/rosidl_generator_cpp/cmake)
[2.814s] -- Using all available rosidl_typesupport_c: rosidl_typesupport_fastrtps_c;rosidl_typesupport_introspection_c
[2.912s] -- Using all available rosidl_typesupport_cpp: rosidl_typesupport_fastrtps_cpp;rosidl_typesupport_introspection_cpp
[3.241s] -- Found rmw_implementation_cmake: 6.1.1 (/opt/ros/humble/install/share/rmw_implementation_cmake/cmake)
[3.248s] -- Found rmw_cyclonedds_cpp: 1.3.4 (/opt/ros/humble/install/share/rmw_cyclonedds_cpp/cmake)
[3.415s] -- Using RMW implementation 'rmw_cyclonedds_cpp' as default
[4.266s] -- Found rclcpp_components: 16.0.8 (/opt/ros/humble/install/share/rclcpp_components/cmake)
[4.572s] -- Found tf2_ros: 0.25.5 (/opt/ros/humble/install/share/tf2_ros/cmake)
[6.067s] [33mCMake Warning (dev) at CMakeLists.txt:23 (find_package):
[6.068s]   Policy CMP0146 is not set: The FindCUDA module is removed.  Run "cmake
[6.068s]   --help-policy CMP0146" for policy details.  Use the cmake_policy command to
[6.069s]   set the policy and suppress this warning.
[6.070s] 
[6.070s] This warning is for project developers.  Use -Wno-dev to suppress it.
[6.071s] [0m
[6.101s] -- Found CUDA: /usr/local/cuda (found version "12.2") 
[6.105s] -- Found sensor_msgs: 4.2.3 (/opt/ros/humble/install/share/sensor_msgs/cmake)
[6.509s] -- Found image_transport: 3.1.8 (/opt/ros/humble/install/share/image_transport/cmake)
[6.584s] -- Found cv_bridge: 3.2.1 (/opt/ros/humble/install/share/cv_bridge/cmake)
[7.114s] -- Configuring done (6.4s)
[7.285s] -- Generating done (0.1s)
[7.295s] -- Build files have been written to: /DroneWorkspace/build/streamer
[7.664s] [100%] Built target streamer
[7.754s] Invoked command in '/DroneWorkspace/build/streamer' returned '0': /usr/local/bin/cmake --build /DroneWorkspace/build/streamer -- -j12 -l12
[8.619s] Invoking command in '/DroneWorkspace/build/streamer': /usr/local/bin/cmake --install /DroneWorkspace/build/streamer
[8.889s] -- Install configuration: ""
[8.893s] -- Up-to-date: /DroneWorkspace/install/streamer/lib/libstreamer.so
[8.895s] -- Up-to-date: /DroneWorkspace/install/streamer/share/ament_index/resource_index/package_run_dependencies/streamer
[8.895s] -- Up-to-date: /DroneWorkspace/install/streamer/share/ament_index/resource_index/parent_prefix_path/streamer
[8.897s] -- Up-to-date: /DroneWorkspace/install/streamer/share/streamer/environment/ament_prefix_path.sh
[8.897s] -- Installing: /DroneWorkspace/install/streamer/share/streamer/environment/ament_prefix_path.dsv
[8.898s] -- Up-to-date: /DroneWorkspace/install/streamer/share/streamer/environment/path.sh
[8.898s] -- Installing: /DroneWorkspace/install/streamer/share/streamer/environment/path.dsv
[8.899s] -- Up-to-date: /DroneWorkspace/install/streamer/share/streamer/local_setup.bash
[8.899s] -- Up-to-date: /DroneWorkspace/install/streamer/share/streamer/local_setup.sh
[8.900s] -- Up-to-date: /DroneWorkspace/install/streamer/share/streamer/local_setup.zsh
[8.901s] -- Installing: /DroneWorkspace/install/streamer/share/streamer/local_setup.dsv
[8.901s] -- Installing: /DroneWorkspace/install/streamer/share/streamer/package.dsv
[8.902s] -- Up-to-date: /DroneWorkspace/install/streamer/share/ament_index/resource_index/packages/streamer
[8.902s] -- Up-to-date: /DroneWorkspace/install/streamer/share/ament_index/resource_index/rclcpp_components/streamer
[8.903s] -- Up-to-date: /DroneWorkspace/install/streamer/share/streamer/cmake/streamerConfig.cmake
[8.903s] -- Up-to-date: /DroneWorkspace/install/streamer/share/streamer/cmake/streamerConfig-version.cmake
[8.904s] -- Up-to-date: /DroneWorkspace/install/streamer/share/streamer/package.xml
[8.925s] Invoked command in '/DroneWorkspace/build/streamer' returned '0': /usr/local/bin/cmake --install /DroneWorkspace/build/streamer
