-- Found ament_cmake: 1.3.7 (/opt/ros/humble/install/share/ament_cmake/cmake)
-- Found rclcpp: 16.0.8 (/opt/ros/humble/install/share/rclcpp/cmake)
-- Found rosidl_generator_c: 3.1.5 (/opt/ros/humble/install/share/rosidl_generator_c/cmake)
-- Found rosidl_adapter: 3.1.5 (/opt/ros/humble/install/share/rosidl_adapter/cmake)
-- Found rosidl_generator_cpp: 3.1.5 (/opt/ros/humble/install/share/rosidl_generator_cpp/cmake)
-- Using all available rosidl_typesupport_c: rosidl_typesupport_fastrtps_c;rosidl_typesupport_introspection_c
-- Using all available rosidl_typesupport_cpp: rosidl_typesupport_fastrtps_cpp;rosidl_typesupport_introspection_cpp
-- Found rmw_implementation_cmake: 6.1.1 (/opt/ros/humble/install/share/rmw_implementation_cmake/cmake)
-- Found rmw_cyclonedds_cpp: 1.3.4 (/opt/ros/humble/install/share/rmw_cyclonedds_cpp/cmake)
-- Using RMW implementation 'rmw_cyclonedds_cpp' as default
-- Found rclcpp_components: 16.0.8 (/opt/ros/humble/install/share/rclcpp_components/cmake)
-- Found tf2_ros: 0.25.5 (/opt/ros/humble/install/share/tf2_ros/cmake)
-- Found sensor_msgs: 4.2.3 (/opt/ros/humble/install/share/sensor_msgs/cmake)
-- Found image_transport: 3.1.8 (/opt/ros/humble/install/share/image_transport/cmake)
-- Found cv_bridge: 3.2.1 (/opt/ros/humble/install/share/cv_bridge/cmake)
-- Configuring done (8.3s)
-- Generating done (0.2s)
-- Build files have been written to: /DroneWorkspace/build/streamer
[ 50%] [32mBuilding CXX object CMakeFiles/streamer.dir/src/streamer.cpp.o[0m
[100%] [32m[1mLinking CXX shared library libstreamer.so[0m
[100%] Built target streamer
-- Install configuration: ""
-- Installing: /DroneWorkspace/install/streamer/lib/libstreamer.so
-- Set non-toolchain portion of runtime path of "/DroneWorkspace/install/streamer/lib/libstreamer.so" to ""
-- Installing: /DroneWorkspace/install/streamer/share/ament_index/resource_index/package_run_dependencies/streamer
-- Installing: /DroneWorkspace/install/streamer/share/ament_index/resource_index/parent_prefix_path/streamer
-- Installing: /DroneWorkspace/install/streamer/share/streamer/environment/ament_prefix_path.sh
-- Installing: /DroneWorkspace/install/streamer/share/streamer/environment/ament_prefix_path.dsv
-- Installing: /DroneWorkspace/install/streamer/share/streamer/environment/path.sh
-- Installing: /DroneWorkspace/install/streamer/share/streamer/environment/path.dsv
-- Installing: /DroneWorkspace/install/streamer/share/streamer/local_setup.bash
-- Installing: /DroneWorkspace/install/streamer/share/streamer/local_setup.sh
-- Installing: /DroneWorkspace/install/streamer/share/streamer/local_setup.zsh
-- Installing: /DroneWorkspace/install/streamer/share/streamer/local_setup.dsv
-- Installing: /DroneWorkspace/install/streamer/share/streamer/package.dsv
-- Installing: /DroneWorkspace/install/streamer/share/ament_index/resource_index/packages/streamer
-- Installing: /DroneWorkspace/install/streamer/share/ament_index/resource_index/rclcpp_components/streamer
-- Installing: /DroneWorkspace/install/streamer/share/streamer/cmake/streamerConfig.cmake
-- Installing: /DroneWorkspace/install/streamer/share/streamer/cmake/streamerConfig-version.cmake
-- Installing: /DroneWorkspace/install/streamer/share/streamer/package.xml
