[0.521s] Invoking command in '/DroneWorkspace/build/streamer': /usr/local/bin/cmake /DroneWorkspace/HardwareManagers/streamer -DCMAKE_INSTALL_PREFIX=/DroneWorkspace/install/streamer
[0.931s] -- Found ament_cmake: 1.3.7 (/opt/ros/humble/install/share/ament_cmake/cmake)
[2.758s] -- Found rclcpp: 16.0.8 (/opt/ros/humble/install/share/rclcpp/cmake)
[2.912s] -- Found rosidl_generator_c: 3.1.5 (/opt/ros/humble/install/share/rosidl_generator_c/cmake)
[2.928s] -- Found rosidl_adapter: 3.1.5 (/opt/ros/humble/install/share/rosidl_adapter/cmake)
[2.963s] -- Found rosidl_generator_cpp: 3.1.5 (/opt/ros/humble/install/share/rosidl_generator_cpp/cmake)
[3.032s] -- Using all available rosidl_typesupport_c: rosidl_typesupport_fastrtps_c;rosidl_typesupport_introspection_c
[3.131s] -- Using all available rosidl_typesupport_cpp: rosidl_typesupport_fastrtps_cpp;rosidl_typesupport_introspection_cpp
[3.485s] -- Found rmw_implementation_cmake: 6.1.1 (/opt/ros/humble/install/share/rmw_implementation_cmake/cmake)
[3.492s] -- Found rmw_cyclonedds_cpp: 1.3.4 (/opt/ros/humble/install/share/rmw_cyclonedds_cpp/cmake)
[3.675s] -- Using RMW implementation 'rmw_cyclonedds_cpp' as default
[4.638s] -- Found rclcpp_components: 16.0.8 (/opt/ros/humble/install/share/rclcpp_components/cmake)
[5.036s] -- Found tf2_ros: 0.25.5 (/opt/ros/humble/install/share/tf2_ros/cmake)
[7.506s] -- Found sensor_msgs: 4.2.3 (/opt/ros/humble/install/share/sensor_msgs/cmake)
[8.104s] -- Found image_transport: 3.1.8 (/opt/ros/humble/install/share/image_transport/cmake)
[8.230s] -- Found cv_bridge: 3.2.1 (/opt/ros/humble/install/share/cv_bridge/cmake)
[8.244s] [33mCMake Warning (dev) at /usr/local/lib/cmake/opencv4/OpenCVConfig.cmake:86 (find_package):
[8.245s]   Policy CMP0146 is not set: The FindCUDA module is removed.  Run "cmake
[8.246s]   --help-policy CMP0146" for policy details.  Use the cmake_policy command to
[8.247s]   set the policy and suppress this warning.
[8.248s] 
[8.248s] Call Stack (most recent call first):
[8.249s]   /usr/local/lib/cmake/opencv4/OpenCVConfig.cmake:108 (find_host_package)
[8.250s]   /opt/ros/humble/install/share/cv_bridge/cmake/ament_cmake_export_dependencies-extras.cmake:21 (find_package)
[8.251s]   /opt/ros/humble/install/share/cv_bridge/cmake/cv_bridgeConfig.cmake:41 (include)
[8.251s]   CMakeLists.txt:28 (find_package)
[8.252s] This warning is for project developers.  Use -Wno-dev to suppress it.
[8.253s] [0m
[9.158s] -- Configuring done (8.3s)
[9.459s] -- Generating done (0.2s)
[9.478s] -- Build files have been written to: /DroneWorkspace/build/streamer
[9.558s] Invoked command in '/DroneWorkspace/build/streamer' returned '0': /usr/local/bin/cmake /DroneWorkspace/HardwareManagers/streamer -DCMAKE_INSTALL_PREFIX=/DroneWorkspace/install/streamer
[9.570s] Invoking command in '/DroneWorkspace/build/streamer': /usr/local/bin/cmake --build /DroneWorkspace/build/streamer -- -j12 -l12
[10.691s] [ 50%] [32mBuilding CXX object CMakeFiles/streamer.dir/src/streamer.cpp.o[0m
[25.833s] [100%] [32m[1mLinking CXX shared library libstreamer.so[0m
[30.570s] [100%] Built target streamer
[30.682s] Invoked command in '/DroneWorkspace/build/streamer' returned '0': /usr/local/bin/cmake --build /DroneWorkspace/build/streamer -- -j12 -l12
[31.729s] Invoking command in '/DroneWorkspace/build/streamer': /usr/local/bin/cmake --install /DroneWorkspace/build/streamer
[32.058s] -- Install configuration: ""
[32.070s] -- Installing: /DroneWorkspace/install/streamer/lib/libstreamer.so
[32.076s] -- Set non-toolchain portion of runtime path of "/DroneWorkspace/install/streamer/lib/libstreamer.so" to ""
[32.077s] -- Installing: /DroneWorkspace/install/streamer/share/ament_index/resource_index/package_run_dependencies/streamer
[32.078s] -- Installing: /DroneWorkspace/install/streamer/share/ament_index/resource_index/parent_prefix_path/streamer
[32.079s] -- Installing: /DroneWorkspace/install/streamer/share/streamer/environment/ament_prefix_path.sh
[32.080s] -- Installing: /DroneWorkspace/install/streamer/share/streamer/environment/ament_prefix_path.dsv
[32.080s] -- Installing: /DroneWorkspace/install/streamer/share/streamer/environment/path.sh
[32.081s] -- Installing: /DroneWorkspace/install/streamer/share/streamer/environment/path.dsv
[32.081s] -- Installing: /DroneWorkspace/install/streamer/share/streamer/local_setup.bash
[32.082s] -- Installing: /DroneWorkspace/install/streamer/share/streamer/local_setup.sh
[32.083s] -- Installing: /DroneWorkspace/install/streamer/share/streamer/local_setup.zsh
[32.083s] -- Installing: /DroneWorkspace/install/streamer/share/streamer/local_setup.dsv
[32.084s] -- Installing: /DroneWorkspace/install/streamer/share/streamer/package.dsv
[32.084s] -- Installing: /DroneWorkspace/install/streamer/share/ament_index/resource_index/packages/streamer
[32.085s] -- Installing: /DroneWorkspace/install/streamer/share/ament_index/resource_index/rclcpp_components/streamer
[32.086s] -- Installing: /DroneWorkspace/install/streamer/share/streamer/cmake/streamerConfig.cmake
[32.087s] -- Installing: /DroneWorkspace/install/streamer/share/streamer/cmake/streamerConfig-version.cmake
[32.087s] -- Installing: /DroneWorkspace/install/streamer/share/streamer/package.xml
[32.116s] Invoked command in '/DroneWorkspace/build/streamer' returned '0': /usr/local/bin/cmake --install /DroneWorkspace/build/streamer
