[0.381s] Invoking command in '/DroneWorkspace/build/streamer': /usr/local/bin/cmake --build /DroneWorkspace/build/streamer -- -j12 -l12
[0.872s] -- Found ament_cmake: 1.3.7 (/opt/ros/humble/install/share/ament_cmake/cmake)
[2.770s] -- Found rclcpp: 16.0.8 (/opt/ros/humble/install/share/rclcpp/cmake)
[2.916s] -- Found rosidl_generator_c: 3.1.5 (/opt/ros/humble/install/share/rosidl_generator_c/cmake)
[2.932s] -- Found rosidl_adapter: 3.1.5 (/opt/ros/humble/install/share/rosidl_adapter/cmake)
[2.964s] -- Found rosidl_generator_cpp: 3.1.5 (/opt/ros/humble/install/share/rosidl_generator_cpp/cmake)
[3.031s] -- Using all available rosidl_typesupport_c: rosidl_typesupport_fastrtps_c;rosidl_typesupport_introspection_c
[3.127s] -- Using all available rosidl_typesupport_cpp: rosidl_typesupport_fastrtps_cpp;rosidl_typesupport_introspection_cpp
[3.462s] -- Found rmw_implementation_cmake: 6.1.1 (/opt/ros/humble/install/share/rmw_implementation_cmake/cmake)
[3.468s] -- Found rmw_cyclonedds_cpp: 1.3.4 (/opt/ros/humble/install/share/rmw_cyclonedds_cpp/cmake)
[3.642s] -- Using RMW implementation 'rmw_cyclonedds_cpp' as default
[4.554s] -- Found rclcpp_components: 16.0.8 (/opt/ros/humble/install/share/rclcpp_components/cmake)
[4.874s] -- Found tf2_ros: 0.25.5 (/opt/ros/humble/install/share/tf2_ros/cmake)
[6.902s] [33mCMake Warning (dev) at CMakeLists.txt:23 (find_package):
[6.902s]   Policy CMP0146 is not set: The FindCUDA module is removed.  Run "cmake
[6.903s]   --help-policy CMP0146" for policy details.  Use the cmake_policy command to
[6.903s]   set the policy and suppress this warning.
[6.904s] 
[6.905s] This warning is for project developers.  Use -Wno-dev to suppress it.
[6.905s] [0m
[6.945s] -- Found sensor_msgs: 4.2.3 (/opt/ros/humble/install/share/sensor_msgs/cmake)
[7.370s] -- Found image_transport: 3.1.8 (/opt/ros/humble/install/share/image_transport/cmake)
[7.449s] -- Found cv_bridge: 3.2.1 (/opt/ros/humble/install/share/cv_bridge/cmake)
[8.030s] -- Configuring done (7.2s)
[8.185s] -- Generating done (0.1s)
[8.195s] -- Build files have been written to: /DroneWorkspace/build/streamer
[8.607s] [ 50%] [32mBuilding CXX object CMakeFiles/streamer.dir/src/streamer.cpp.o[0m
[20.954s] [100%] [32m[1mLinking CXX shared library libstreamer.so[0m
[24.961s] [100%] Built target streamer
[25.058s] Invoked command in '/DroneWorkspace/build/streamer' returned '0': /usr/local/bin/cmake --build /DroneWorkspace/build/streamer -- -j12 -l12
[26.012s] Invoking command in '/DroneWorkspace/build/streamer': /usr/local/bin/cmake --install /DroneWorkspace/build/streamer
[26.323s] -- Install configuration: ""
[26.328s] -- Installing: /DroneWorkspace/install/streamer/lib/libstreamer.so
[26.332s] -- Set non-toolchain portion of runtime path of "/DroneWorkspace/install/streamer/lib/libstreamer.so" to ""
[26.333s] -- Up-to-date: /DroneWorkspace/install/streamer/share/ament_index/resource_index/package_run_dependencies/streamer
[26.334s] -- Up-to-date: /DroneWorkspace/install/streamer/share/ament_index/resource_index/parent_prefix_path/streamer
[26.334s] -- Up-to-date: /DroneWorkspace/install/streamer/share/streamer/environment/ament_prefix_path.sh
[26.335s] -- Installing: /DroneWorkspace/install/streamer/share/streamer/environment/ament_prefix_path.dsv
[26.336s] -- Up-to-date: /DroneWorkspace/install/streamer/share/streamer/environment/path.sh
[26.336s] -- Installing: /DroneWorkspace/install/streamer/share/streamer/environment/path.dsv
[26.337s] -- Up-to-date: /DroneWorkspace/install/streamer/share/streamer/local_setup.bash
[26.337s] -- Up-to-date: /DroneWorkspace/install/streamer/share/streamer/local_setup.sh
[26.337s] -- Up-to-date: /DroneWorkspace/install/streamer/share/streamer/local_setup.zsh
[26.337s] -- Installing: /DroneWorkspace/install/streamer/share/streamer/local_setup.dsv
[26.338s] -- Installing: /DroneWorkspace/install/streamer/share/streamer/package.dsv
[26.338s] -- Up-to-date: /DroneWorkspace/install/streamer/share/ament_index/resource_index/packages/streamer
[26.338s] -- Up-to-date: /DroneWorkspace/install/streamer/share/ament_index/resource_index/rclcpp_components/streamer
[26.338s] -- Up-to-date: /DroneWorkspace/install/streamer/share/streamer/cmake/streamerConfig.cmake
[26.338s] -- Up-to-date: /DroneWorkspace/install/streamer/share/streamer/cmake/streamerConfig-version.cmake
[26.339s] -- Up-to-date: /DroneWorkspace/install/streamer/share/streamer/package.xml
[26.368s] Invoked command in '/DroneWorkspace/build/streamer' returned '0': /usr/local/bin/cmake --install /DroneWorkspace/build/streamer
